2004.10.23 18:24 B C:\Old PC\E drive\Glyphix\Puzzle bitmaps\J1 bitmaps\02-01-01.bmp --> www.questengine.com /Backup/J1 bitmaps 02-01-01.bmp
2004.10.23 18:24 B C:\Old PC\E drive\Glyphix\Puzzle bitmaps\J1 bitmaps\02-01-02.bmp --> www.questengine.com /Backup/J1 bitmaps 02-01-02.bmp
2004.10.23 18:24 B C:\Old PC\E drive\Glyphix\Puzzle bitmaps\J1 bitmaps\02-01-03.bmp --> www.questengine.com /Backup/J1 bitmaps 02-01-03.bmp
2004.10.23 18:24 B C:\Old PC\E drive\Glyphix\Puzzle bitmaps\J1 bitmaps\02-01-04.bmp --> www.questengine.com /Backup/J1 bitmaps 02-01-04.bmp
2004.10.23 18:24 B C:\Old PC\E drive\Glyphix\Puzzle bitmaps\J1 bitmaps\02-01-05.bmp --> www.questengine.com /Backup/J1 bitmaps 02-01-05.bmp
2004.10.23 18:24 B C:\Old PC\E drive\Glyphix\Puzzle bitmaps\J1 bitmaps\02-01-06.bmp --> www.questengine.com /Backup/J1 bitmaps 02-01-06.bmp
2004.10.23 18:24 B C:\Old PC\E drive\Glyphix\Puzzle bitmaps\J1 bitmaps\02-01-07.bmp --> www.questengine.com /Backup/J1 bitmaps 02-01-07.bmp
2004.10.23 18:24 B C:\Old PC\E drive\Glyphix\Puzzle bitmaps\J1 bitmaps\02-01-08.bmp --> www.questengine.com /Backup/J1 bitmaps 02-01-08.bmp
2004.10.23 18:24 B C:\Old PC\E drive\Glyphix\Puzzle bitmaps\J1 bitmaps\02-01-09.bmp --> www.questengine.com /Backup/J1 bitmaps 02-01-09.bmp
2004.10.23 18:24 B C:\Old PC\E drive\Glyphix\Puzzle bitmaps\J1 bitmaps\02-02-01.bmp --> www.questengine.com /Backup/J1 bitmaps 02-02-01.bmp
2004.10.23 18:24 B C:\Old PC\E drive\Glyphix\Puzzle bitmaps\J1 bitmaps\02-02-02.bmp --> www.questengine.com /Backup/J1 bitmaps 02-02-02.bmp
2004.10.23 18:24 B C:\Old PC\E drive\Glyphix\Puzzle bitmaps\J1 bitmaps\02-02-03.bmp --> www.questengine.com /Backup/J1 bitmaps 02-02-03.bmp
2004.10.23 18:24 B C:\Old PC\E drive\Glyphix\Puzzle bitmaps\J1 bitmaps\02-02-04.bmp --> www.questengine.com /Backup/J1 bitmaps 02-02-04.bmp
2004.10.23 18:25 B C:\Old PC\E drive\Glyphix\Puzzle bitmaps\J1 bitmaps\02-02-05.bmp --> www.questengine.com /Backup/J1 bitmaps 02-02-05.bmp
2004.10.23 18:25 B C:\Old PC\E drive\Glyphix\Puzzle bitmaps\J1 bitmaps\02-02-06.bmp --> www.questengine.com /Backup/J1 bitmaps 02-02-06.bmp
2004.10.23 18:25 B C:\Old PC\E drive\Glyphix\Puzzle bitmaps\J1 bitmaps\02-02-07.bmp --> www.questengine.com /Backup/J1 bitmaps 02-02-07.bmp
2004.10.23 18:25 B C:\Old PC\E drive\Glyphix\Puzzle bitmaps\J1 bitmaps\02-02-08.bmp --> www.questengine.com /Backup/J1 bitmaps 02-02-08.bmp
2004.10.23 18:25 B C:\Old PC\E drive\Glyphix\Puzzle bitmaps\J1 bitmaps\02-04-01.bmp --> www.questengine.com /Backup/J1 bitmaps 02-04-01.bmp
2004.10.23 18:25 B C:\Old PC\E drive\Glyphix\Puzzle bitmaps\J1 bitmaps\02-05-01.bmp --> www.questengine.com /Backup/J1 bitmaps 02-05-01.bmp
2004.10.23 18:25 B C:\Old PC\E drive\Glyphix\Puzzle bitmaps\J1 bitmaps\02-05-02.bmp --> www.questengine.com /Backup/J1 bitmaps 02-05-02.bmp
2004.10.23 18:25 B C:\Old PC\E drive\Glyphix\Puzzle bitmaps\J1 bitmaps\02-05-03.bmp --> www.questengine.com /Backup/J1 bitmaps 02-05-03.bmp
2004.10.23 18:25 B C:\Old PC\E drive\Glyphix\Puzzle bitmaps\J1 bitmaps\02-05-04.bmp --> www.questengine.com /Backup/J1 bitmaps 02-05-04.bmp
2004.10.23 18:25 B C:\Old PC\E drive\Glyphix\Puzzle bitmaps\J1 bitmaps\02-05-05.bmp --> www.questengine.com /Backup/J1 bitmaps 02-05-05.bmp
2004.10.23 18:25 B C:\Old PC\E drive\Glyphix\Puzzle bitmaps\J1 bitmaps\02-05-06.bmp --> www.questengine.com /Backup/J1 bitmaps 02-05-06.bmp
2004.10.23 18:25 B C:\Old PC\E drive\Glyphix\Puzzle bitmaps\J1 bitmaps\02-05-07.bmp --> www.questengine.com /Backup/J1 bitmaps 02-05-07.bmp
2004.10.23 18:25 B C:\Old PC\E drive\Glyphix\Puzzle bitmaps\J1 bitmaps\02-05-08.bmp --> www.questengine.com /Backup/J1 bitmaps 02-05-08.bmp
2004.10.23 18:25 B C:\Old PC\E drive\Glyphix\Puzzle bitmaps\J1 bitmaps\02-06-01.bmp --> www.questengine.com /Backup/J1 bitmaps 02-06-01.bmp
2004.10.23 18:25 B C:\Old PC\E drive\Glyphix\Puzzle bitmaps\J1 bitmaps\02-06-02.bmp --> www.questengine.com /Backup/J1 bitmaps 02-06-02.bmp
2004.10.23 18:25 B C:\Old PC\E drive\Glyphix\Puzzle bitmaps\J1 bitmaps\02-06-03.bmp --> www.questengine.com /Backup/J1 bitmaps 02-06-03.bmp
2004.10.23 18:25 B C:\Old PC\E drive\Glyphix\Puzzle bitmaps\J1 bitmaps\02-06-04.bmp --> www.questengine.com /Backup/J1 bitmaps 02-06-04.bmp
2004.10.23 18:25 B C:\Old PC\E drive\Glyphix\Puzzle bitmaps\J1 bitmaps\02-06-05.bmp --> www.questengine.com /Backup/J1 bitmaps 02-06-05.bmp
2004.10.23 18:25 B C:\Old PC\E drive\Glyphix\Puzzle bitmaps\J1 bitmaps\02-06-06.bmp --> www.questengine.com /Backup/J1 bitmaps 02-06-06.bmp
2004.10.23 18:25 B C:\Old PC\E drive\Glyphix\Puzzle bitmaps\J1 bitmaps\02-07-01.bmp --> www.questengine.com /Backup/J1 bitmaps 02-07-01.bmp
2004.10.23 18:25 B C:\Old PC\E drive\Glyphix\Puzzle bitmaps\J1 bitmaps\02-07-02.bmp --> www.questengine.com /Backup/J1 bitmaps 02-07-02.bmp
2004.10.23 18:25 B C:\Old PC\E drive\Glyphix\Puzzle bitmaps\J1 bitmaps\02-07-03.bmp --> www.questengine.com /Backup/J1 bitmaps 02-07-03.bmp
2004.10.23 18:25 B C:\Old PC\E drive\Glyphix\Puzzle bitmaps\J1 bitmaps\02-07-04.bmp --> www.questengine.com /Backup/J1 bitmaps 02-07-04.bmp
2004.10.23 18:25 B C:\Old PC\E drive\Glyphix\Puzzle bitmaps\J1 bitmaps\02-07-05.bmp --> www.questengine.com /Backup/J1 bitmaps 02-07-05.bmp
2004.10.23 18:25 B C:\Old PC\E drive\Glyphix\Puzzle bitmaps\J1 bitmaps\02-07-05c.bmp --> www.questengine.com /Backup/J1 bitmaps 02-07-05c.bmp
2004.10.23 18:26 B C:\Old PC\E drive\Glyphix\Puzzle bitmaps\J1 bitmaps\Thumbs.db --> www.questengine.com /Backup/J1 bitmaps Thumbs.db
2004.10.23 21:56 B C:\Old PC\E drive\Glyphix\Puzzle bitmaps\J1 puzzles\02-01-01.bmp --> www.questengine.com /Backup/J1 puzzles 02-01-01.bmp
2004.10.23 21:56 B C:\Old PC\E drive\Glyphix\Puzzle bitmaps\J1 puzzles\02-01-01.tbt --> www.questengine.com /Backup/J1 puzzles 02-01-01.tbt
2004.10.23 21:56 B C:\Old PC\E drive\Glyphix\Puzzle bitmaps\J1 puzzles\02-01-02.bmp --> www.questengine.com /Backup/J1 puzzles 02-01-02.bmp
2004.10.23 21:56 B C:\Old PC\E drive\Glyphix\Puzzle bitmaps\J1 puzzles\02-01-02.tbt --> www.questengine.com /Backup/J1 puzzles 02-01-02.tbt
2004.10.23 21:56 B C:\Old PC\E drive\Glyphix\Puzzle bitmaps\J1 puzzles\02-01-03.bmp --> www.questengine.com /Backup/J1 puzzles 02-01-03.bmp
2004.10.23 21:56 B C:\Old PC\E drive\Glyphix\Puzzle bitmaps\J1 puzzles\02-01-03.tbt --> www.questengine.com /Backup/J1 puzzles 02-01-03.tbt
2004.10.23 21:56 B C:\Old PC\E drive\Glyphix\Puzzle bitmaps\J1 puzzles\02-01-04.bmp --> www.questengine.com /Backup/J1 puzzles 02-01-04.bmp
2004.10.23 21:56 B C:\Old PC\E drive\Glyphix\Puzzle bitmaps\J1 puzzles\02-01-04.tbt --> www.questengine.com /Backup/J1 puzzles 02-01-04.tbt
2004.10.23 21:56 B C:\Old PC\E drive\Glyphix\Puzzle bitmaps\J1 puzzles\02-01-05.bmp --> www.questengine.com /Backup/J1 puzzles 02-01-05.bmp
2004.10.23 21:56 B C:\Old PC\E drive\Glyphix\Puzzle bitmaps\J1 puzzles\02-01-05.tbt --> www.questengine.com /Backup/J1 puzzles 02-01-05.tbt
2004.10.23 21:56 B C:\Old PC\E drive\Glyphix\Puzzle bitmaps\J1 puzzles\02-01-06.bmp --> www.questengine.com /Backup/J1 puzzles 02-01-06.bmp
2004.10.23 21:56 B C:\Old PC\E drive\Glyphix\Puzzle bitmaps\J1 puzzles\02-01-06.tbt --> www.questengine.com /Backup/J1 puzzles 02-01-06.tbt
2004.10.23 21:56 B C:\Old PC\E drive\Glyphix\Puzzle bitmaps\J1 puzzles\02-01-07.bmp --> www.questengine.com /Backup/J1 puzzles 02-01-07.bmp
2004.10.23 21:56 B C:\Old PC\E drive\Glyphix\Puzzle bitmaps\J1 puzzles\02-01-07.tbt --> www.questengine.com /Backup/J1 puzzles 02-01-07.tbt
2004.10.23 21:56 B C:\Old PC\E drive\Glyphix\Puzzle bitmaps\J1 puzzles\02-01-08.bmp --> www.questengine.com /Backup/J1 puzzles 02-01-08.bmp
2004.10.23 21:56 B C:\Old PC\E drive\Glyphix\Puzzle bitmaps\J1 puzzles\02-01-08.tbt --> www.questengine.com /Backup/J1 puzzles 02-01-08.tbt
2004.10.23 21:56 B C:\Old PC\E drive\Glyphix\Puzzle bitmaps\J1 puzzles\02-01-09.bmp --> www.questengine.com /Backup/J1 puzzles 02-01-09.bmp
2004.10.23 21:56 B C:\Old PC\E drive\Glyphix\Puzzle bitmaps\J1 puzzles\02-01-09.tbt --> www.questengine.com /Backup/J1 puzzles 02-01-09.tbt
2004.10.23 21:56 B C:\Old PC\E drive\Glyphix\Puzzle bitmaps\J1 puzzles\02-02-01.bmp --> www.questengine.com /Backup/J1 puzzles 02-02-01.bmp
2004.10.23 21:56 B C:\Old PC\E drive\Glyphix\Puzzle bitmaps\J1 puzzles\02-02-01.tbt --> www.questengine.com /Backup/J1 puzzles 02-02-01.tbt
2004.10.23 21:56 B C:\Old PC\E drive\Glyphix\Puzzle bitmaps\J1 puzzles\02-02-02.bmp --> www.questengine.com /Backup/J1 puzzles 02-02-02.bmp
2004.10.23 21:56 B C:\Old PC\E drive\Glyphix\Puzzle bitmaps\J1 puzzles\02-02-02.tbt --> www.questengine.com /Backup/J1 puzzles 02-02-02.tbt
2004.10.23 21:56 B C:\Old PC\E drive\Glyphix\Puzzle bitmaps\J1 puzzles\02-02-03.bmp --> www.questengine.com /Backup/J1 puzzles 02-02-03.bmp
2004.10.23 21:56 B C:\Old PC\E drive\Glyphix\Puzzle bitmaps\J1 puzzles\02-02-03.tbt --> www.questengine.com /Backup/J1 puzzles 02-02-03.tbt
2004.10.23 21:56 B C:\Old PC\E drive\Glyphix\Puzzle bitmaps\J1 puzzles\02-02-04.bmp --> www.questengine.com /Backup/J1 puzzles 02-02-04.bmp
2004.10.23 21:56 B C:\Old PC\E drive\Glyphix\Puzzle bitmaps\J1 puzzles\02-02-04.tbt --> www.questengine.com /Backup/J1 puzzles 02-02-04.tbt
2004.10.23 21:56 B C:\Old PC\E drive\Glyphix\Puzzle bitmaps\J1 puzzles\02-02-05.bmp --> www.questengine.com /Backup/J1 puzzles 02-02-05.bmp
2004.10.23 21:56 B C:\Old PC\E drive\Glyphix\Puzzle bitmaps\J1 puzzles\02-02-05.tbt --> www.questengine.com /Backup/J1 puzzles 02-02-05.tbt
2004.10.23 21:56 B C:\Old PC\E drive\Glyphix\Puzzle bitmaps\J1 puzzles\02-02-06.bmp --> www.questengine.com /Backup/J1 puzzles 02-02-06.bmp
2004.10.23 21:56 B C:\Old PC\E drive\Glyphix\Puzzle bitmaps\J1 puzzles\02-02-06.tbt --> www.questengine.com /Backup/J1 puzzles 02-02-06.tbt
2004.10.23 21:56 B C:\Old PC\E drive\Glyphix\Puzzle bitmaps\J1 puzzles\02-02-07.bmp --> www.questengine.com /Backup/J1 puzzles 02-02-07.bmp
2004.10.23 21:56 B C:\Old PC\E drive\Glyphix\Puzzle bitmaps\J1 puzzles\02-02-07.tbt --> www.questengine.com /Backup/J1 puzzles 02-02-07.tbt
2004.10.23 21:56 B C:\Old PC\E drive\Glyphix\Puzzle bitmaps\J1 puzzles\02-02-08.bmp --> www.questengine.com /Backup/J1 puzzles 02-02-08.bmp
2004.10.23 21:56 B C:\Old PC\E drive\Glyphix\Puzzle bitmaps\J1 puzzles\02-02-08.tbt --> www.questengine.com /Backup/J1 puzzles 02-02-08.tbt
2004.10.23 21:56 B C:\Old PC\E drive\Glyphix\Puzzle bitmaps\J1 puzzles\02-03-01.bmp --> www.questengine.com /Backup/J1 puzzles 02-03-01.bmp
2004.10.23 21:56 B C:\Old PC\E drive\Glyphix\Puzzle bitmaps\J1 puzzles\02-03-01.tbt --> www.questengine.com /Backup/J1 puzzles 02-03-01.tbt
2004.10.23 21:56 B C:\Old PC\E drive\Glyphix\Puzzle bitmaps\J1 puzzles\02-03-02.bmp --> www.questengine.com /Backup/J1 puzzles 02-03-02.bmp
2004.10.23 21:56 B C:\Old PC\E drive\Glyphix\Puzzle bitmaps\J1 puzzles\02-03-02.tbt --> www.questengine.com /Backup/J1 puzzles 02-03-02.tbt
2004.10.23 21:56 B C:\Old PC\E drive\Glyphix\Puzzle bitmaps\J1 puzzles\02-04-01.bmp --> www.questengine.com /Backup/J1 puzzles 02-04-01.bmp
2004.10.23 21:56 B C:\Old PC\E drive\Glyphix\Puzzle bitmaps\J1 puzzles\02-04-01.tbt --> www.questengine.com /Backup/J1 puzzles 02-04-01.tbt
2004.10.23 21:56 B C:\Old PC\E drive\Glyphix\Puzzle bitmaps\J1 puzzles\02-05-01.bmp --> www.questengine.com /Backup/J1 puzzles 02-05-01.bmp
2004.10.23 21:56 B C:\Old PC\E drive\Glyphix\Puzzle bitmaps\J1 puzzles\02-05-01.tbt --> www.questengine.com /Backup/J1 puzzles 02-05-01.tbt
2004.10.23 21:56 B C:\Old PC\E drive\Glyphix\Puzzle bitmaps\J1 puzzles\02-05-02.bmp --> www.questengine.com /Backup/J1 puzzles 02-05-02.bmp
2004.10.23 21:56 B C:\Old PC\E drive\Glyphix\Puzzle bitmaps\J1 puzzles\02-05-02.tbt --> www.questengine.com /Backup/J1 puzzles 02-05-02.tbt
2004.10.23 21:56 B C:\Old PC\E drive\Glyphix\Puzzle bitmaps\J1 puzzles\02-05-03.bmp --> www.questengine.com /Backup/J1 puzzles 02-05-03.bmp
2004.10.23 21:57 B C:\Old PC\E drive\Glyphix\Puzzle bitmaps\J1 puzzles\02-05-03.tbt --> www.questengine.com /Backup/J1 puzzles 02-05-03.tbt
2004.10.23 21:57 B C:\Old PC\E drive\Glyphix\Puzzle bitmaps\J1 puzzles\02-05-04.bmp --> www.questengine.com /Backup/J1 puzzles 02-05-04.bmp
2004.10.23 21:57 B C:\Old PC\E drive\Glyphix\Puzzle bitmaps\J1 puzzles\02-05-04.tbt --> www.questengine.com /Backup/J1 puzzles 02-05-04.tbt
2004.10.23 21:57 B C:\Old PC\E drive\Glyphix\Puzzle bitmaps\J1 puzzles\02-05-05.bmp --> www.questengine.com /Backup/J1 puzzles 02-05-05.bmp
2004.10.23 21:57 B C:\Old PC\E drive\Glyphix\Puzzle bitmaps\J1 puzzles\02-05-05.tbt --> www.questengine.com /Backup/J1 puzzles 02-05-05.tbt
2004.10.23 21:57 B C:\Old PC\E drive\Glyphix\Puzzle bitmaps\J1 puzzles\02-05-06.bmp --> www.questengine.com /Backup/J1 puzzles 02-05-06.bmp
2004.10.23 21:57 B C:\Old PC\E drive\Glyphix\Puzzle bitmaps\J1 puzzles\02-05-06.tbt --> www.questengine.com /Backup/J1 puzzles 02-05-06.tbt
2004.10.23 21:57 B C:\Old PC\E drive\Glyphix\Puzzle bitmaps\J1 puzzles\02-05-07.bmp --> www.questengine.com /Backup/J1 puzzles 02-05-07.bmp
2004.10.23 21:57 B C:\Old PC\E drive\Glyphix\Puzzle bitmaps\J1 puzzles\02-05-07.tbt --> www.questengine.com /Backup/J1 puzzles 02-05-07.tbt
2004.10.23 21:57 B C:\Old PC\E drive\Glyphix\Puzzle bitmaps\J1 puzzles\02-05-08.bmp --> www.questengine.com /Backup/J1 puzzles 02-05-08.bmp
2004.10.23 21:57 B C:\Old PC\E drive\Glyphix\Puzzle bitmaps\J1 puzzles\02-05-08.tbt --> www.questengine.com /Backup/J1 puzzles 02-05-08.tbt
2004.10.23 21:57 B C:\Old PC\E drive\Glyphix\Puzzle bitmaps\J1 puzzles\02-06-01.bmp --> www.questengine.com /Backup/J1 puzzles 02-06-01.bmp
2004.10.23 21:57 B C:\Old PC\E drive\Glyphix\Puzzle bitmaps\J1 puzzles\02-06-01.tbt --> www.questengine.com /Backup/J1 puzzles 02-06-01.tbt
2004.10.23 21:57 B C:\Old PC\E drive\Glyphix\Puzzle bitmaps\J1 puzzles\02-06-02.bmp --> www.questengine.com /Backup/J1 puzzles 02-06-02.bmp
2004.10.23 21:57 B C:\Old PC\E drive\Glyphix\Puzzle bitmaps\J1 puzzles\02-06-02.tbt --> www.questengine.com /Backup/J1 puzzles 02-06-02.tbt
2004.10.23 21:57 B C:\Old PC\E drive\Glyphix\Puzzle bitmaps\J1 puzzles\02-06-03.bmp --> www.questengine.com /Backup/J1 puzzles 02-06-03.bmp
2004.10.23 21:57 B C:\Old PC\E drive\Glyphix\Puzzle bitmaps\J1 puzzles\02-06-03.tbt --> www.questengine.com /Backup/J1 puzzles 02-06-03.tbt
2004.10.23 21:57 B C:\Old PC\E drive\Glyphix\Puzzle bitmaps\J1 puzzles\02-06-04.bmp --> www.questengine.com /Backup/J1 puzzles 02-06-04.bmp
2004.10.23 21:57 B C:\Old PC\E drive\Glyphix\Puzzle bitmaps\J1 puzzles\02-06-04.tbt --> www.questengine.com /Backup/J1 puzzles 02-06-04.tbt
2004.10.23 21:57 B C:\Old PC\E drive\Glyphix\Puzzle bitmaps\J1 puzzles\02-06-05.bmp --> www.questengine.com /Backup/J1 puzzles 02-06-05.bmp
2004.10.23 21:57 B C:\Old PC\E drive\Glyphix\Puzzle bitmaps\J1 puzzles\02-06-05.tbt --> www.questengine.com /Backup/J1 puzzles 02-06-05.tbt
2004.10.23 21:57 B C:\Old PC\E drive\Glyphix\Puzzle bitmaps\J1 puzzles\02-06-06.bmp --> www.questengine.com /Backup/J1 puzzles 02-06-06.bmp
2004.10.23 21:57 B C:\Old PC\E drive\Glyphix\Puzzle bitmaps\J1 puzzles\02-06-06.tbt --> www.questengine.com /Backup/J1 puzzles 02-06-06.tbt
2004.10.23 21:57 B C:\Old PC\E drive\Glyphix\Puzzle bitmaps\J1 puzzles\02-07-01.bmp --> www.questengine.com /Backup/J1 puzzles 02-07-01.bmp
2004.10.23 21:57 B C:\Old PC\E drive\Glyphix\Puzzle bitmaps\J1 puzzles\02-07-01.tbt --> www.questengine.com /Backup/J1 puzzles 02-07-01.tbt
2004.10.23 21:57 B C:\Old PC\E drive\Glyphix\Puzzle bitmaps\J1 puzzles\02-07-02.bmp --> www.questengine.com /Backup/J1 puzzles 02-07-02.bmp
2004.10.23 21:57 B C:\Old PC\E drive\Glyphix\Puzzle bitmaps\J1 puzzles\02-07-02.tbt --> www.questengine.com /Backup/J1 puzzles 02-07-02.tbt
2004.10.23 21:57 B C:\Old PC\E drive\Glyphix\Puzzle bitmaps\J1 puzzles\02-07-03.bmp --> www.questengine.com /Backup/J1 puzzles 02-07-03.bmp
2004.10.23 21:57 B C:\Old PC\E drive\Glyphix\Puzzle bitmaps\J1 puzzles\02-07-03.tbt --> www.questengine.com /Backup/J1 puzzles 02-07-03.tbt
2004.10.23 21:57 B C:\Old PC\E drive\Glyphix\Puzzle bitmaps\J1 puzzles\02-07-04.bmp --> www.questengine.com /Backup/J1 puzzles 02-07-04.bmp
2004.10.23 21:57 B C:\Old PC\E drive\Glyphix\Puzzle bitmaps\J1 puzzles\02-07-04.tbt --> www.questengine.com /Backup/J1 puzzles 02-07-04.tbt
2004.10.23 21:57 B C:\Old PC\E drive\Glyphix\Puzzle bitmaps\J1 puzzles\02-07-05.bmp --> www.questengine.com /Backup/J1 puzzles 02-07-05.bmp
2004.10.23 21:57 B C:\Old PC\E drive\Glyphix\Puzzle bitmaps\J1 puzzles\02-07-05.tbt --> www.questengine.com /Backup/J1 puzzles 02-07-05.tbt
2004.10.23 21:57 B C:\Old PC\E drive\Glyphix\Puzzle bitmaps\J1 puzzles\02-07-05c.bmp --> www.questengine.com /Backup/J1 puzzles 02-07-05c.bmp
2004.10.23 21:57 B C:\Old PC\E drive\Glyphix\Puzzle bitmaps\J1 puzzles\Thumbs.db --> www.questengine.com /Backup/J1 puzzles Thumbs.db
