2004.10.23 18:28 B C:\Old PC\E drive\Glyphix\Puzzle bitmaps\J4 bitmaps\05-01-01.bmp --> www.questengine.com /Backup/J4 bitmaps 05-01-01.bmp
2004.10.23 18:28 B C:\Old PC\E drive\Glyphix\Puzzle bitmaps\J4 bitmaps\05-01-02.bmp --> www.questengine.com /Backup/J4 bitmaps 05-01-02.bmp
2004.10.23 18:29 B C:\Old PC\E drive\Glyphix\Puzzle bitmaps\J4 bitmaps\05-02-01.bmp --> www.questengine.com /Backup/J4 bitmaps 05-02-01.bmp
2004.10.23 18:29 B C:\Old PC\E drive\Glyphix\Puzzle bitmaps\J4 bitmaps\05-02-02.bmp --> www.questengine.com /Backup/J4 bitmaps 05-02-02.bmp
2004.10.23 18:29 B C:\Old PC\E drive\Glyphix\Puzzle bitmaps\J4 bitmaps\05-03-01.bmp --> www.questengine.com /Backup/J4 bitmaps 05-03-01.bmp
2004.10.23 18:29 B C:\Old PC\E drive\Glyphix\Puzzle bitmaps\J4 bitmaps\05-04-01.bmp --> www.questengine.com /Backup/J4 bitmaps 05-04-01.bmp
2004.10.23 18:29 B C:\Old PC\E drive\Glyphix\Puzzle bitmaps\J4 bitmaps\05-04-02.bmp --> www.questengine.com /Backup/J4 bitmaps 05-04-02.bmp
2004.10.23 18:29 B C:\Old PC\E drive\Glyphix\Puzzle bitmaps\J4 bitmaps\05-04-03.bmp --> www.questengine.com /Backup/J4 bitmaps 05-04-03.bmp
2004.10.23 18:29 B C:\Old PC\E drive\Glyphix\Puzzle bitmaps\J4 bitmaps\05-04-04.bmp --> www.questengine.com /Backup/J4 bitmaps 05-04-04.bmp
2004.10.23 18:29 B C:\Old PC\E drive\Glyphix\Puzzle bitmaps\J4 bitmaps\05-04-05.bmp --> www.questengine.com /Backup/J4 bitmaps 05-04-05.bmp
2004.10.23 18:29 B C:\Old PC\E drive\Glyphix\Puzzle bitmaps\J4 bitmaps\05-04-06.bmp --> www.questengine.com /Backup/J4 bitmaps 05-04-06.bmp
2004.10.23 18:29 B C:\Old PC\E drive\Glyphix\Puzzle bitmaps\J4 bitmaps\05-05-01.bmp --> www.questengine.com /Backup/J4 bitmaps 05-05-01.bmp
2004.10.23 18:29 B C:\Old PC\E drive\Glyphix\Puzzle bitmaps\J4 bitmaps\05-05-02.bmp --> www.questengine.com /Backup/J4 bitmaps 05-05-02.bmp
2004.10.23 18:29 B C:\Old PC\E drive\Glyphix\Puzzle bitmaps\J4 bitmaps\05-05-03.bmp --> www.questengine.com /Backup/J4 bitmaps 05-05-03.bmp
2004.10.23 18:29 B C:\Old PC\E drive\Glyphix\Puzzle bitmaps\J4 bitmaps\05-05-04.bmp --> www.questengine.com /Backup/J4 bitmaps 05-05-04.bmp
2004.10.23 18:29 B C:\Old PC\E drive\Glyphix\Puzzle bitmaps\J4 bitmaps\05-05-05.bmp --> www.questengine.com /Backup/J4 bitmaps 05-05-05.bmp
2004.10.23 18:29 B C:\Old PC\E drive\Glyphix\Puzzle bitmaps\J4 bitmaps\05-06-01.bmp --> www.questengine.com /Backup/J4 bitmaps 05-06-01.bmp
2004.10.23 18:29 B C:\Old PC\E drive\Glyphix\Puzzle bitmaps\J4 bitmaps\05-06-02.bmp --> www.questengine.com /Backup/J4 bitmaps 05-06-02.bmp
2004.10.23 18:29 B C:\Old PC\E drive\Glyphix\Puzzle bitmaps\J4 bitmaps\05-07-01.bmp --> www.questengine.com /Backup/J4 bitmaps 05-07-01.bmp
2004.10.23 18:29 B C:\Old PC\E drive\Glyphix\Puzzle bitmaps\J4 bitmaps\05-07-02.bmp --> www.questengine.com /Backup/J4 bitmaps 05-07-02.bmp
2004.10.23 18:29 B C:\Old PC\E drive\Glyphix\Puzzle bitmaps\J4 bitmaps\05-07-03.bmp --> www.questengine.com /Backup/J4 bitmaps 05-07-03.bmp
2004.10.23 18:29 B C:\Old PC\E drive\Glyphix\Puzzle bitmaps\J4 bitmaps\05-07-04.bmp --> www.questengine.com /Backup/J4 bitmaps 05-07-04.bmp
2004.10.23 18:29 B C:\Old PC\E drive\Glyphix\Puzzle bitmaps\J4 bitmaps\05-07-05.bmp --> www.questengine.com /Backup/J4 bitmaps 05-07-05.bmp
2004.10.23 18:29 B C:\Old PC\E drive\Glyphix\Puzzle bitmaps\J4 bitmaps\05-08-01.bmp --> www.questengine.com /Backup/J4 bitmaps 05-08-01.bmp
2004.10.23 18:29 B C:\Old PC\E drive\Glyphix\Puzzle bitmaps\J4 bitmaps\05-08-02.bmp --> www.questengine.com /Backup/J4 bitmaps 05-08-02.bmp
2004.10.23 18:29 B C:\Old PC\E drive\Glyphix\Puzzle bitmaps\J4 bitmaps\05-08-03.bmp --> www.questengine.com /Backup/J4 bitmaps 05-08-03.bmp
2004.10.23 18:30 B C:\Old PC\E drive\Glyphix\Puzzle bitmaps\J4 bitmaps\05-09-01.bmp --> www.questengine.com /Backup/J4 bitmaps 05-09-01.bmp
2004.10.23 18:30 B C:\Old PC\E drive\Glyphix\Puzzle bitmaps\J4 bitmaps\05-09-02.bmp --> www.questengine.com /Backup/J4 bitmaps 05-09-02.bmp
2004.10.23 18:30 B C:\Old PC\E drive\Glyphix\Puzzle bitmaps\J4 bitmaps\05-09-03.bmp --> www.questengine.com /Backup/J4 bitmaps 05-09-03.bmp
2004.10.23 18:30 B C:\Old PC\E drive\Glyphix\Puzzle bitmaps\J4 bitmaps\05-09-04.bmp --> www.questengine.com /Backup/J4 bitmaps 05-09-04.bmp
2004.10.23 18:30 B C:\Old PC\E drive\Glyphix\Puzzle bitmaps\J4 bitmaps\05-09-05.bmp --> www.questengine.com /Backup/J4 bitmaps 05-09-05.bmp
2004.10.23 18:31 B C:\Old PC\E drive\Glyphix\Puzzle bitmaps\J4 bitmaps\Thumbs.db --> www.questengine.com /Backup/J4 bitmaps Thumbs.db
2004.10.23 22:01 B C:\Old PC\E drive\Glyphix\Puzzle bitmaps\J4 puzzles\05-01-01.bmp --> www.questengine.com /Backup/J4 puzzles 05-01-01.bmp
2004.10.23 22:01 B C:\Old PC\E drive\Glyphix\Puzzle bitmaps\J4 puzzles\05-01-01.tbt --> www.questengine.com /Backup/J4 puzzles 05-01-01.tbt
2004.10.23 22:01 B C:\Old PC\E drive\Glyphix\Puzzle bitmaps\J4 puzzles\05-01-02.bmp --> www.questengine.com /Backup/J4 puzzles 05-01-02.bmp
2004.10.23 22:01 B C:\Old PC\E drive\Glyphix\Puzzle bitmaps\J4 puzzles\05-01-02.tbt --> www.questengine.com /Backup/J4 puzzles 05-01-02.tbt
2004.10.23 22:01 B C:\Old PC\E drive\Glyphix\Puzzle bitmaps\J4 puzzles\05-02-01.bmp --> www.questengine.com /Backup/J4 puzzles 05-02-01.bmp
2004.10.23 22:01 B C:\Old PC\E drive\Glyphix\Puzzle bitmaps\J4 puzzles\05-02-01.tbt --> www.questengine.com /Backup/J4 puzzles 05-02-01.tbt
2004.10.23 22:01 B C:\Old PC\E drive\Glyphix\Puzzle bitmaps\J4 puzzles\05-02-02.bmp --> www.questengine.com /Backup/J4 puzzles 05-02-02.bmp
2004.10.23 22:01 B C:\Old PC\E drive\Glyphix\Puzzle bitmaps\J4 puzzles\05-02-02.tbt --> www.questengine.com /Backup/J4 puzzles 05-02-02.tbt
2004.10.23 22:01 B C:\Old PC\E drive\Glyphix\Puzzle bitmaps\J4 puzzles\05-03-01.bmp --> www.questengine.com /Backup/J4 puzzles 05-03-01.bmp
2004.10.23 22:01 B C:\Old PC\E drive\Glyphix\Puzzle bitmaps\J4 puzzles\05-03-01.tbt --> www.questengine.com /Backup/J4 puzzles 05-03-01.tbt
2004.10.23 22:02 B C:\Old PC\E drive\Glyphix\Puzzle bitmaps\J4 puzzles\05-04-01.bmp --> www.questengine.com /Backup/J4 puzzles 05-04-01.bmp
2004.10.23 22:02 B C:\Old PC\E drive\Glyphix\Puzzle bitmaps\J4 puzzles\05-04-01.tbt --> www.questengine.com /Backup/J4 puzzles 05-04-01.tbt
2004.10.23 22:02 B C:\Old PC\E drive\Glyphix\Puzzle bitmaps\J4 puzzles\05-04-02.bmp --> www.questengine.com /Backup/J4 puzzles 05-04-02.bmp
2004.10.23 22:02 B C:\Old PC\E drive\Glyphix\Puzzle bitmaps\J4 puzzles\05-04-02.tbt --> www.questengine.com /Backup/J4 puzzles 05-04-02.tbt
2004.10.23 22:02 B C:\Old PC\E drive\Glyphix\Puzzle bitmaps\J4 puzzles\05-04-03.bmp --> www.questengine.com /Backup/J4 puzzles 05-04-03.bmp
2004.10.23 22:02 B C:\Old PC\E drive\Glyphix\Puzzle bitmaps\J4 puzzles\05-04-03.tbt --> www.questengine.com /Backup/J4 puzzles 05-04-03.tbt
2004.10.23 22:02 B C:\Old PC\E drive\Glyphix\Puzzle bitmaps\J4 puzzles\05-04-04.bmp --> www.questengine.com /Backup/J4 puzzles 05-04-04.bmp
2004.10.23 22:02 B C:\Old PC\E drive\Glyphix\Puzzle bitmaps\J4 puzzles\05-04-04.tbt --> www.questengine.com /Backup/J4 puzzles 05-04-04.tbt
2004.10.23 22:02 B C:\Old PC\E drive\Glyphix\Puzzle bitmaps\J4 puzzles\05-04-05.bmp --> www.questengine.com /Backup/J4 puzzles 05-04-05.bmp
2004.10.23 22:02 B C:\Old PC\E drive\Glyphix\Puzzle bitmaps\J4 puzzles\05-04-05.tbt --> www.questengine.com /Backup/J4 puzzles 05-04-05.tbt
2004.10.23 22:02 B C:\Old PC\E drive\Glyphix\Puzzle bitmaps\J4 puzzles\05-04-06.bmp --> www.questengine.com /Backup/J4 puzzles 05-04-06.bmp
2004.10.23 22:02 B C:\Old PC\E drive\Glyphix\Puzzle bitmaps\J4 puzzles\05-04-06.tbt --> www.questengine.com /Backup/J4 puzzles 05-04-06.tbt
2004.10.23 22:02 B C:\Old PC\E drive\Glyphix\Puzzle bitmaps\J4 puzzles\05-05-01.bmp --> www.questengine.com /Backup/J4 puzzles 05-05-01.bmp
2004.10.23 22:02 B C:\Old PC\E drive\Glyphix\Puzzle bitmaps\J4 puzzles\05-05-01.tbt --> www.questengine.com /Backup/J4 puzzles 05-05-01.tbt
2004.10.23 22:02 B C:\Old PC\E drive\Glyphix\Puzzle bitmaps\J4 puzzles\05-05-02.bmp --> www.questengine.com /Backup/J4 puzzles 05-05-02.bmp
2004.10.23 22:02 B C:\Old PC\E drive\Glyphix\Puzzle bitmaps\J4 puzzles\05-05-02.tbt --> www.questengine.com /Backup/J4 puzzles 05-05-02.tbt
2004.10.23 22:02 B C:\Old PC\E drive\Glyphix\Puzzle bitmaps\J4 puzzles\05-05-03.bmp --> www.questengine.com /Backup/J4 puzzles 05-05-03.bmp
2004.10.23 22:02 B C:\Old PC\E drive\Glyphix\Puzzle bitmaps\J4 puzzles\05-05-03.tbt --> www.questengine.com /Backup/J4 puzzles 05-05-03.tbt
2004.10.23 22:02 B C:\Old PC\E drive\Glyphix\Puzzle bitmaps\J4 puzzles\05-05-04.bmp --> www.questengine.com /Backup/J4 puzzles 05-05-04.bmp
2004.10.23 22:02 B C:\Old PC\E drive\Glyphix\Puzzle bitmaps\J4 puzzles\05-05-04.tbt --> www.questengine.com /Backup/J4 puzzles 05-05-04.tbt
2004.10.23 22:02 B C:\Old PC\E drive\Glyphix\Puzzle bitmaps\J4 puzzles\05-05-05.bmp --> www.questengine.com /Backup/J4 puzzles 05-05-05.bmp
2004.10.23 22:02 B C:\Old PC\E drive\Glyphix\Puzzle bitmaps\J4 puzzles\05-05-05.tbt --> www.questengine.com /Backup/J4 puzzles 05-05-05.tbt
2004.10.23 22:02 B C:\Old PC\E drive\Glyphix\Puzzle bitmaps\J4 puzzles\05-06-01.bmp --> www.questengine.com /Backup/J4 puzzles 05-06-01.bmp
2004.10.23 22:02 B C:\Old PC\E drive\Glyphix\Puzzle bitmaps\J4 puzzles\05-06-01.tbt --> www.questengine.com /Backup/J4 puzzles 05-06-01.tbt
2004.10.23 22:02 B C:\Old PC\E drive\Glyphix\Puzzle bitmaps\J4 puzzles\05-06-02.bmp --> www.questengine.com /Backup/J4 puzzles 05-06-02.bmp
2004.10.23 22:02 B C:\Old PC\E drive\Glyphix\Puzzle bitmaps\J4 puzzles\05-06-02.tbt --> www.questengine.com /Backup/J4 puzzles 05-06-02.tbt
2004.10.23 22:02 B C:\Old PC\E drive\Glyphix\Puzzle bitmaps\J4 puzzles\05-07-01.bmp --> www.questengine.com /Backup/J4 puzzles 05-07-01.bmp
2004.10.23 22:02 B C:\Old PC\E drive\Glyphix\Puzzle bitmaps\J4 puzzles\05-07-01.tbt --> www.questengine.com /Backup/J4 puzzles 05-07-01.tbt
2004.10.23 22:02 B C:\Old PC\E drive\Glyphix\Puzzle bitmaps\J4 puzzles\05-07-02.bmp --> www.questengine.com /Backup/J4 puzzles 05-07-02.bmp
2004.10.23 22:02 B C:\Old PC\E drive\Glyphix\Puzzle bitmaps\J4 puzzles\05-07-02.tbt --> www.questengine.com /Backup/J4 puzzles 05-07-02.tbt
2004.10.23 22:02 B C:\Old PC\E drive\Glyphix\Puzzle bitmaps\J4 puzzles\05-07-03.bmp --> www.questengine.com /Backup/J4 puzzles 05-07-03.bmp
2004.10.23 22:02 B C:\Old PC\E drive\Glyphix\Puzzle bitmaps\J4 puzzles\05-07-03.tbt --> www.questengine.com /Backup/J4 puzzles 05-07-03.tbt
2004.10.23 22:02 B C:\Old PC\E drive\Glyphix\Puzzle bitmaps\J4 puzzles\05-07-04.bmp --> www.questengine.com /Backup/J4 puzzles 05-07-04.bmp
2004.10.23 22:02 B C:\Old PC\E drive\Glyphix\Puzzle bitmaps\J4 puzzles\05-07-04.tbt --> www.questengine.com /Backup/J4 puzzles 05-07-04.tbt
2004.10.23 22:02 B C:\Old PC\E drive\Glyphix\Puzzle bitmaps\J4 puzzles\05-07-05.bmp --> www.questengine.com /Backup/J4 puzzles 05-07-05.bmp
2004.10.23 22:02 B C:\Old PC\E drive\Glyphix\Puzzle bitmaps\J4 puzzles\05-07-05.tbt --> www.questengine.com /Backup/J4 puzzles 05-07-05.tbt
2004.10.23 22:02 B C:\Old PC\E drive\Glyphix\Puzzle bitmaps\J4 puzzles\05-08-01.bmp --> www.questengine.com /Backup/J4 puzzles 05-08-01.bmp
2004.10.23 22:02 B C:\Old PC\E drive\Glyphix\Puzzle bitmaps\J4 puzzles\05-08-01.tbt --> www.questengine.com /Backup/J4 puzzles 05-08-01.tbt
2004.10.23 22:02 B C:\Old PC\E drive\Glyphix\Puzzle bitmaps\J4 puzzles\05-08-02.bmp --> www.questengine.com /Backup/J4 puzzles 05-08-02.bmp
2004.10.23 22:02 B C:\Old PC\E drive\Glyphix\Puzzle bitmaps\J4 puzzles\05-08-02.tbt --> www.questengine.com /Backup/J4 puzzles 05-08-02.tbt
2004.10.23 22:02 B C:\Old PC\E drive\Glyphix\Puzzle bitmaps\J4 puzzles\05-08-03.bmp --> www.questengine.com /Backup/J4 puzzles 05-08-03.bmp
2004.10.23 22:02 B C:\Old PC\E drive\Glyphix\Puzzle bitmaps\J4 puzzles\05-08-03.tbt --> www.questengine.com /Backup/J4 puzzles 05-08-03.tbt
2004.10.23 22:02 B C:\Old PC\E drive\Glyphix\Puzzle bitmaps\J4 puzzles\05-09-01.bmp --> www.questengine.com /Backup/J4 puzzles 05-09-01.bmp
2004.10.23 22:02 B C:\Old PC\E drive\Glyphix\Puzzle bitmaps\J4 puzzles\05-09-01.tbt --> www.questengine.com /Backup/J4 puzzles 05-09-01.tbt
2004.10.23 22:02 B C:\Old PC\E drive\Glyphix\Puzzle bitmaps\J4 puzzles\05-09-02.bmp --> www.questengine.com /Backup/J4 puzzles 05-09-02.bmp
2004.10.23 22:02 B C:\Old PC\E drive\Glyphix\Puzzle bitmaps\J4 puzzles\05-09-02.tbt --> www.questengine.com /Backup/J4 puzzles 05-09-02.tbt
2004.10.23 22:02 B C:\Old PC\E drive\Glyphix\Puzzle bitmaps\J4 puzzles\05-09-03.bmp --> www.questengine.com /Backup/J4 puzzles 05-09-03.bmp
2004.10.23 22:02 B C:\Old PC\E drive\Glyphix\Puzzle bitmaps\J4 puzzles\05-09-03.tbt --> www.questengine.com /Backup/J4 puzzles 05-09-03.tbt
2004.10.23 22:02 B C:\Old PC\E drive\Glyphix\Puzzle bitmaps\J4 puzzles\05-09-04.bmp --> www.questengine.com /Backup/J4 puzzles 05-09-04.bmp
2004.10.23 22:02 B C:\Old PC\E drive\Glyphix\Puzzle bitmaps\J4 puzzles\05-09-04.tbt --> www.questengine.com /Backup/J4 puzzles 05-09-04.tbt
2004.10.23 22:02 B C:\Old PC\E drive\Glyphix\Puzzle bitmaps\J4 puzzles\05-09-05.bmp --> www.questengine.com /Backup/J4 puzzles 05-09-05.bmp
2004.10.23 22:03 B C:\Old PC\E drive\Glyphix\Puzzle bitmaps\J4 puzzles\05-09-05.tbt --> www.questengine.com /Backup/J4 puzzles 05-09-05.tbt
2004.10.23 22:03 B C:\Old PC\E drive\Glyphix\Puzzle bitmaps\J4 puzzles\05-09-05c.bmp --> www.questengine.com /Backup/J4 puzzles 05-09-05c.bmp
2004.10.23 22:03 B C:\Old PC\E drive\Glyphix\Puzzle bitmaps\J4 puzzles\Thumbs.db --> www.questengine.com /Backup/J4 puzzles Thumbs.db
