2004.10.23 18:33 B C:\Old PC\E drive\Glyphix\Puzzle bitmaps\J6 bitmaps\07-01-01.bmp --> www.questengine.com /Backup/J6 bitmaps 07-01-01.bmp
2004.10.23 18:33 B C:\Old PC\E drive\Glyphix\Puzzle bitmaps\J6 bitmaps\07-01-02.bmp --> www.questengine.com /Backup/J6 bitmaps 07-01-02.bmp
2004.10.23 18:33 B C:\Old PC\E drive\Glyphix\Puzzle bitmaps\J6 bitmaps\07-01-03.bmp --> www.questengine.com /Backup/J6 bitmaps 07-01-03.bmp
2004.10.23 18:33 B C:\Old PC\E drive\Glyphix\Puzzle bitmaps\J6 bitmaps\07-01-04.bmp --> www.questengine.com /Backup/J6 bitmaps 07-01-04.bmp
2004.10.23 18:33 B C:\Old PC\E drive\Glyphix\Puzzle bitmaps\J6 bitmaps\07-02-01.bmp --> www.questengine.com /Backup/J6 bitmaps 07-02-01.bmp
2004.10.23 18:33 B C:\Old PC\E drive\Glyphix\Puzzle bitmaps\J6 bitmaps\07-02-01c.bmp --> www.questengine.com /Backup/J6 bitmaps 07-02-01c.bmp
2004.10.23 18:33 B C:\Old PC\E drive\Glyphix\Puzzle bitmaps\J6 bitmaps\07-03-01.bmp --> www.questengine.com /Backup/J6 bitmaps 07-03-01.bmp
2004.10.23 18:33 B C:\Old PC\E drive\Glyphix\Puzzle bitmaps\J6 bitmaps\07-04-01.bmp --> www.questengine.com /Backup/J6 bitmaps 07-04-01.bmp
2004.10.23 18:33 B C:\Old PC\E drive\Glyphix\Puzzle bitmaps\J6 bitmaps\07-04-02.bmp --> www.questengine.com /Backup/J6 bitmaps 07-04-02.bmp
2004.10.23 18:33 B C:\Old PC\E drive\Glyphix\Puzzle bitmaps\J6 bitmaps\07-04-03.bmp --> www.questengine.com /Backup/J6 bitmaps 07-04-03.bmp
2004.10.23 18:33 B C:\Old PC\E drive\Glyphix\Puzzle bitmaps\J6 bitmaps\07-04-04.bmp --> www.questengine.com /Backup/J6 bitmaps 07-04-04.bmp
2004.10.23 18:33 B C:\Old PC\E drive\Glyphix\Puzzle bitmaps\J6 bitmaps\07-04-05.bmp --> www.questengine.com /Backup/J6 bitmaps 07-04-05.bmp
2004.10.23 18:33 B C:\Old PC\E drive\Glyphix\Puzzle bitmaps\J6 bitmaps\07-05-01.bmp --> www.questengine.com /Backup/J6 bitmaps 07-05-01.bmp
2004.10.23 18:33 B C:\Old PC\E drive\Glyphix\Puzzle bitmaps\J6 bitmaps\07-05-02.bmp --> www.questengine.com /Backup/J6 bitmaps 07-05-02.bmp
2004.10.23 18:33 B C:\Old PC\E drive\Glyphix\Puzzle bitmaps\J6 bitmaps\07-05-03.bmp --> www.questengine.com /Backup/J6 bitmaps 07-05-03.bmp
2004.10.23 18:33 B C:\Old PC\E drive\Glyphix\Puzzle bitmaps\J6 bitmaps\07-05-04.bmp --> www.questengine.com /Backup/J6 bitmaps 07-05-04.bmp
2004.10.23 18:33 B C:\Old PC\E drive\Glyphix\Puzzle bitmaps\J6 bitmaps\07-06-01.bmp --> www.questengine.com /Backup/J6 bitmaps 07-06-01.bmp
2004.10.23 18:33 B C:\Old PC\E drive\Glyphix\Puzzle bitmaps\J6 bitmaps\07-06-02.bmp --> www.questengine.com /Backup/J6 bitmaps 07-06-02.bmp
2004.10.23 18:33 B C:\Old PC\E drive\Glyphix\Puzzle bitmaps\J6 bitmaps\07-06-03.bmp --> www.questengine.com /Backup/J6 bitmaps 07-06-03.bmp
2004.10.23 18:33 B C:\Old PC\E drive\Glyphix\Puzzle bitmaps\J6 bitmaps\07-06-04.bmp --> www.questengine.com /Backup/J6 bitmaps 07-06-04.bmp
2004.10.23 18:33 B C:\Old PC\E drive\Glyphix\Puzzle bitmaps\J6 bitmaps\07-07-01.bmp --> www.questengine.com /Backup/J6 bitmaps 07-07-01.bmp
2004.10.23 18:33 B C:\Old PC\E drive\Glyphix\Puzzle bitmaps\J6 bitmaps\07-08-01.bmp --> www.questengine.com /Backup/J6 bitmaps 07-08-01.bmp
2004.10.23 18:33 B C:\Old PC\E drive\Glyphix\Puzzle bitmaps\J6 bitmaps\07-08-02.bmp --> www.questengine.com /Backup/J6 bitmaps 07-08-02.bmp
2004.10.23 18:33 B C:\Old PC\E drive\Glyphix\Puzzle bitmaps\J6 bitmaps\07-08-03.bmp --> www.questengine.com /Backup/J6 bitmaps 07-08-03.bmp
2004.10.23 18:33 B C:\Old PC\E drive\Glyphix\Puzzle bitmaps\J6 bitmaps\07-08-04.bmp --> www.questengine.com /Backup/J6 bitmaps 07-08-04.bmp
2004.10.23 18:33 B C:\Old PC\E drive\Glyphix\Puzzle bitmaps\J6 bitmaps\07-09-01.bmp --> www.questengine.com /Backup/J6 bitmaps 07-09-01.bmp
2004.10.23 18:33 B C:\Old PC\E drive\Glyphix\Puzzle bitmaps\J6 bitmaps\07-09-01c.bmp --> www.questengine.com /Backup/J6 bitmaps 07-09-01c.bmp
2004.10.23 18:35 B C:\Old PC\E drive\Glyphix\Puzzle bitmaps\J6 bitmaps\Thumbs.db --> www.questengine.com /Backup/J6 bitmaps Thumbs.db
2004.10.23 22:06 B C:\Old PC\E drive\Glyphix\Puzzle bitmaps\J6 puzzles\07-01-01.bmp --> www.questengine.com /Backup/J6 puzzles 07-01-01.bmp
2004.10.23 22:06 B C:\Old PC\E drive\Glyphix\Puzzle bitmaps\J6 puzzles\07-01-01.tbt --> www.questengine.com /Backup/J6 puzzles 07-01-01.tbt
2004.10.23 22:06 B C:\Old PC\E drive\Glyphix\Puzzle bitmaps\J6 puzzles\07-01-02.bmp --> www.questengine.com /Backup/J6 puzzles 07-01-02.bmp
2004.10.23 22:06 B C:\Old PC\E drive\Glyphix\Puzzle bitmaps\J6 puzzles\07-01-02.tbt --> www.questengine.com /Backup/J6 puzzles 07-01-02.tbt
2004.10.23 22:06 B C:\Old PC\E drive\Glyphix\Puzzle bitmaps\J6 puzzles\07-01-03.bmp --> www.questengine.com /Backup/J6 puzzles 07-01-03.bmp
2004.10.23 22:06 B C:\Old PC\E drive\Glyphix\Puzzle bitmaps\J6 puzzles\07-01-03.tbt --> www.questengine.com /Backup/J6 puzzles 07-01-03.tbt
2004.10.23 22:06 B C:\Old PC\E drive\Glyphix\Puzzle bitmaps\J6 puzzles\07-01-04.bmp --> www.questengine.com /Backup/J6 puzzles 07-01-04.bmp
2004.10.23 22:06 B C:\Old PC\E drive\Glyphix\Puzzle bitmaps\J6 puzzles\07-01-04.tbt --> www.questengine.com /Backup/J6 puzzles 07-01-04.tbt
2004.10.23 22:06 B C:\Old PC\E drive\Glyphix\Puzzle bitmaps\J6 puzzles\07-02-01.bmp --> www.questengine.com /Backup/J6 puzzles 07-02-01.bmp
2004.10.23 22:06 B C:\Old PC\E drive\Glyphix\Puzzle bitmaps\J6 puzzles\07-02-01.tbt --> www.questengine.com /Backup/J6 puzzles 07-02-01.tbt
2004.10.23 22:06 B C:\Old PC\E drive\Glyphix\Puzzle bitmaps\J6 puzzles\07-02-01c.bmp --> www.questengine.com /Backup/J6 puzzles 07-02-01c.bmp
2004.10.23 22:06 B C:\Old PC\E drive\Glyphix\Puzzle bitmaps\J6 puzzles\07-03-01.bmp --> www.questengine.com /Backup/J6 puzzles 07-03-01.bmp
2004.10.23 22:06 B C:\Old PC\E drive\Glyphix\Puzzle bitmaps\J6 puzzles\07-03-01.tbt --> www.questengine.com /Backup/J6 puzzles 07-03-01.tbt
2004.10.23 22:06 B C:\Old PC\E drive\Glyphix\Puzzle bitmaps\J6 puzzles\07-04-01.bmp --> www.questengine.com /Backup/J6 puzzles 07-04-01.bmp
2004.10.23 22:06 B C:\Old PC\E drive\Glyphix\Puzzle bitmaps\J6 puzzles\07-04-01.tbt --> www.questengine.com /Backup/J6 puzzles 07-04-01.tbt
2004.10.23 22:06 B C:\Old PC\E drive\Glyphix\Puzzle bitmaps\J6 puzzles\07-04-02.bmp --> www.questengine.com /Backup/J6 puzzles 07-04-02.bmp
2004.10.23 22:06 B C:\Old PC\E drive\Glyphix\Puzzle bitmaps\J6 puzzles\07-04-02.tbt --> www.questengine.com /Backup/J6 puzzles 07-04-02.tbt
2004.10.23 22:06 B C:\Old PC\E drive\Glyphix\Puzzle bitmaps\J6 puzzles\07-04-03.bmp --> www.questengine.com /Backup/J6 puzzles 07-04-03.bmp
2004.10.23 22:06 B C:\Old PC\E drive\Glyphix\Puzzle bitmaps\J6 puzzles\07-04-03.tbt --> www.questengine.com /Backup/J6 puzzles 07-04-03.tbt
2004.10.23 22:06 B C:\Old PC\E drive\Glyphix\Puzzle bitmaps\J6 puzzles\07-04-04.bmp --> www.questengine.com /Backup/J6 puzzles 07-04-04.bmp
2004.10.23 22:06 B C:\Old PC\E drive\Glyphix\Puzzle bitmaps\J6 puzzles\07-04-04.tbt --> www.questengine.com /Backup/J6 puzzles 07-04-04.tbt
2004.10.23 22:06 B C:\Old PC\E drive\Glyphix\Puzzle bitmaps\J6 puzzles\07-04-05.bmp --> www.questengine.com /Backup/J6 puzzles 07-04-05.bmp
2004.10.23 22:06 B C:\Old PC\E drive\Glyphix\Puzzle bitmaps\J6 puzzles\07-04-05.tbt --> www.questengine.com /Backup/J6 puzzles 07-04-05.tbt
2004.10.23 22:06 B C:\Old PC\E drive\Glyphix\Puzzle bitmaps\J6 puzzles\07-05-01.bmp --> www.questengine.com /Backup/J6 puzzles 07-05-01.bmp
2004.10.23 22:06 B C:\Old PC\E drive\Glyphix\Puzzle bitmaps\J6 puzzles\07-05-01.tbt --> www.questengine.com /Backup/J6 puzzles 07-05-01.tbt
2004.10.23 22:06 B C:\Old PC\E drive\Glyphix\Puzzle bitmaps\J6 puzzles\07-05-02.bmp --> www.questengine.com /Backup/J6 puzzles 07-05-02.bmp
2004.10.23 22:06 B C:\Old PC\E drive\Glyphix\Puzzle bitmaps\J6 puzzles\07-05-02.tbt --> www.questengine.com /Backup/J6 puzzles 07-05-02.tbt
2004.10.23 22:06 B C:\Old PC\E drive\Glyphix\Puzzle bitmaps\J6 puzzles\07-05-03.bmp --> www.questengine.com /Backup/J6 puzzles 07-05-03.bmp
2004.10.23 22:06 B C:\Old PC\E drive\Glyphix\Puzzle bitmaps\J6 puzzles\07-05-03.tbt --> www.questengine.com /Backup/J6 puzzles 07-05-03.tbt
2004.10.23 22:06 B C:\Old PC\E drive\Glyphix\Puzzle bitmaps\J6 puzzles\07-05-04.bmp --> www.questengine.com /Backup/J6 puzzles 07-05-04.bmp
2004.10.23 22:06 B C:\Old PC\E drive\Glyphix\Puzzle bitmaps\J6 puzzles\07-05-04.tbt --> www.questengine.com /Backup/J6 puzzles 07-05-04.tbt
2004.10.23 22:06 B C:\Old PC\E drive\Glyphix\Puzzle bitmaps\J6 puzzles\07-06-01.bmp --> www.questengine.com /Backup/J6 puzzles 07-06-01.bmp
2004.10.23 22:06 B C:\Old PC\E drive\Glyphix\Puzzle bitmaps\J6 puzzles\07-06-01.tbt --> www.questengine.com /Backup/J6 puzzles 07-06-01.tbt
2004.10.23 22:06 B C:\Old PC\E drive\Glyphix\Puzzle bitmaps\J6 puzzles\07-06-02.bmp --> www.questengine.com /Backup/J6 puzzles 07-06-02.bmp
2004.10.23 22:06 B C:\Old PC\E drive\Glyphix\Puzzle bitmaps\J6 puzzles\07-06-02.tbt --> www.questengine.com /Backup/J6 puzzles 07-06-02.tbt
2004.10.23 22:06 B C:\Old PC\E drive\Glyphix\Puzzle bitmaps\J6 puzzles\07-06-03.bmp --> www.questengine.com /Backup/J6 puzzles 07-06-03.bmp
2004.10.23 22:06 B C:\Old PC\E drive\Glyphix\Puzzle bitmaps\J6 puzzles\07-06-03.tbt --> www.questengine.com /Backup/J6 puzzles 07-06-03.tbt
2004.10.23 22:06 B C:\Old PC\E drive\Glyphix\Puzzle bitmaps\J6 puzzles\07-06-04.bmp --> www.questengine.com /Backup/J6 puzzles 07-06-04.bmp
2004.10.23 22:06 B C:\Old PC\E drive\Glyphix\Puzzle bitmaps\J6 puzzles\07-06-04.tbt --> www.questengine.com /Backup/J6 puzzles 07-06-04.tbt
2004.10.23 22:06 B C:\Old PC\E drive\Glyphix\Puzzle bitmaps\J6 puzzles\07-07-01.bmp --> www.questengine.com /Backup/J6 puzzles 07-07-01.bmp
2004.10.23 22:06 B C:\Old PC\E drive\Glyphix\Puzzle bitmaps\J6 puzzles\07-07-01.tbt --> www.questengine.com /Backup/J6 puzzles 07-07-01.tbt
2004.10.23 22:06 B C:\Old PC\E drive\Glyphix\Puzzle bitmaps\J6 puzzles\07-08-01.bmp --> www.questengine.com /Backup/J6 puzzles 07-08-01.bmp
2004.10.23 22:07 B C:\Old PC\E drive\Glyphix\Puzzle bitmaps\J6 puzzles\07-08-01.tbt --> www.questengine.com /Backup/J6 puzzles 07-08-01.tbt
2004.10.23 22:07 B C:\Old PC\E drive\Glyphix\Puzzle bitmaps\J6 puzzles\07-08-02.bmp --> www.questengine.com /Backup/J6 puzzles 07-08-02.bmp
2004.10.23 22:07 B C:\Old PC\E drive\Glyphix\Puzzle bitmaps\J6 puzzles\07-08-02.tbt --> www.questengine.com /Backup/J6 puzzles 07-08-02.tbt
2004.10.23 22:07 B C:\Old PC\E drive\Glyphix\Puzzle bitmaps\J6 puzzles\07-08-03.bmp --> www.questengine.com /Backup/J6 puzzles 07-08-03.bmp
2004.10.23 22:07 B C:\Old PC\E drive\Glyphix\Puzzle bitmaps\J6 puzzles\07-08-03.tbt --> www.questengine.com /Backup/J6 puzzles 07-08-03.tbt
2004.10.23 22:07 B C:\Old PC\E drive\Glyphix\Puzzle bitmaps\J6 puzzles\07-08-04.bmp --> www.questengine.com /Backup/J6 puzzles 07-08-04.bmp
2004.10.23 22:07 B C:\Old PC\E drive\Glyphix\Puzzle bitmaps\J6 puzzles\07-08-04.tbt --> www.questengine.com /Backup/J6 puzzles 07-08-04.tbt
2004.10.23 22:07 B C:\Old PC\E drive\Glyphix\Puzzle bitmaps\J6 puzzles\07-09-01.bmp --> www.questengine.com /Backup/J6 puzzles 07-09-01.bmp
2004.10.23 22:07 B C:\Old PC\E drive\Glyphix\Puzzle bitmaps\J6 puzzles\07-09-01.tbt --> www.questengine.com /Backup/J6 puzzles 07-09-01.tbt
2004.10.23 22:07 B C:\Old PC\E drive\Glyphix\Puzzle bitmaps\J6 puzzles\07-09-01c.bmp --> www.questengine.com /Backup/J6 puzzles 07-09-01c.bmp
2004.10.23 22:08 B C:\Old PC\E drive\Glyphix\Puzzle bitmaps\J6 puzzles\Thumbs.db --> www.questengine.com /Backup/J6 puzzles Thumbs.db
