2004.10.23 18:26 B C:\Old PC\E drive\Glyphix\Puzzle bitmaps\J2 bitmaps\03-01-01.bmp --> www.questengine.com /Backup/J2 bitmaps 03-01-01.bmp
2004.10.23 18:26 B C:\Old PC\E drive\Glyphix\Puzzle bitmaps\J2 bitmaps\03-01-02.bmp --> www.questengine.com /Backup/J2 bitmaps 03-01-02.bmp
2004.10.23 18:26 B C:\Old PC\E drive\Glyphix\Puzzle bitmaps\J2 bitmaps\03-01-03.bmp --> www.questengine.com /Backup/J2 bitmaps 03-01-03.bmp
2004.10.23 18:26 B C:\Old PC\E drive\Glyphix\Puzzle bitmaps\J2 bitmaps\03-01-04.bmp --> www.questengine.com /Backup/J2 bitmaps 03-01-04.bmp
2004.10.23 18:26 B C:\Old PC\E drive\Glyphix\Puzzle bitmaps\J2 bitmaps\03-01-05.bmp --> www.questengine.com /Backup/J2 bitmaps 03-01-05.bmp
2004.10.23 18:26 B C:\Old PC\E drive\Glyphix\Puzzle bitmaps\J2 bitmaps\03-01-06.bmp --> www.questengine.com /Backup/J2 bitmaps 03-01-06.bmp
2004.10.23 18:26 B C:\Old PC\E drive\Glyphix\Puzzle bitmaps\J2 bitmaps\03-01-07.bmp --> www.questengine.com /Backup/J2 bitmaps 03-01-07.bmp
2004.10.23 18:26 B C:\Old PC\E drive\Glyphix\Puzzle bitmaps\J2 bitmaps\03-02-01.bmp --> www.questengine.com /Backup/J2 bitmaps 03-02-01.bmp
2004.10.23 18:26 B C:\Old PC\E drive\Glyphix\Puzzle bitmaps\J2 bitmaps\03-02-02.bmp --> www.questengine.com /Backup/J2 bitmaps 03-02-02.bmp
2004.10.23 18:26 B C:\Old PC\E drive\Glyphix\Puzzle bitmaps\J2 bitmaps\03-02-03.bmp --> www.questengine.com /Backup/J2 bitmaps 03-02-03.bmp
2004.10.23 18:26 B C:\Old PC\E drive\Glyphix\Puzzle bitmaps\J2 bitmaps\03-02-04.bmp --> www.questengine.com /Backup/J2 bitmaps 03-02-04.bmp
2004.10.23 18:26 B C:\Old PC\E drive\Glyphix\Puzzle bitmaps\J2 bitmaps\03-02-05.bmp --> www.questengine.com /Backup/J2 bitmaps 03-02-05.bmp
2004.10.23 18:26 B C:\Old PC\E drive\Glyphix\Puzzle bitmaps\J2 bitmaps\03-02-06.bmp --> www.questengine.com /Backup/J2 bitmaps 03-02-06.bmp
2004.10.23 18:26 B C:\Old PC\E drive\Glyphix\Puzzle bitmaps\J2 bitmaps\03-03-01.bmp --> www.questengine.com /Backup/J2 bitmaps 03-03-01.bmp
2004.10.23 18:26 B C:\Old PC\E drive\Glyphix\Puzzle bitmaps\J2 bitmaps\03-03-02.bmp --> www.questengine.com /Backup/J2 bitmaps 03-03-02.bmp
2004.10.23 18:26 B C:\Old PC\E drive\Glyphix\Puzzle bitmaps\J2 bitmaps\03-03-03.bmp --> www.questengine.com /Backup/J2 bitmaps 03-03-03.bmp
2004.10.23 18:26 B C:\Old PC\E drive\Glyphix\Puzzle bitmaps\J2 bitmaps\03-03-04.bmp --> www.questengine.com /Backup/J2 bitmaps 03-03-04.bmp
2004.10.23 18:26 B C:\Old PC\E drive\Glyphix\Puzzle bitmaps\J2 bitmaps\03-03-05.bmp --> www.questengine.com /Backup/J2 bitmaps 03-03-05.bmp
2004.10.23 18:26 B C:\Old PC\E drive\Glyphix\Puzzle bitmaps\J2 bitmaps\03-03-06.bmp --> www.questengine.com /Backup/J2 bitmaps 03-03-06.bmp
2004.10.23 18:26 B C:\Old PC\E drive\Glyphix\Puzzle bitmaps\J2 bitmaps\03-04-01.bmp --> www.questengine.com /Backup/J2 bitmaps 03-04-01.bmp
2004.10.23 18:26 B C:\Old PC\E drive\Glyphix\Puzzle bitmaps\J2 bitmaps\03-04-02.bmp --> www.questengine.com /Backup/J2 bitmaps 03-04-02.bmp
2004.10.23 18:26 B C:\Old PC\E drive\Glyphix\Puzzle bitmaps\J2 bitmaps\03-04-03.bmp --> www.questengine.com /Backup/J2 bitmaps 03-04-03.bmp
2004.10.23 18:26 B C:\Old PC\E drive\Glyphix\Puzzle bitmaps\J2 bitmaps\03-04-04.bmp --> www.questengine.com /Backup/J2 bitmaps 03-04-04.bmp
2004.10.23 18:26 B C:\Old PC\E drive\Glyphix\Puzzle bitmaps\J2 bitmaps\03-04-05.bmp --> www.questengine.com /Backup/J2 bitmaps 03-04-05.bmp
2004.10.23 18:26 B C:\Old PC\E drive\Glyphix\Puzzle bitmaps\J2 bitmaps\03-04-06.bmp --> www.questengine.com /Backup/J2 bitmaps 03-04-06.bmp
2004.10.23 18:26 B C:\Old PC\E drive\Glyphix\Puzzle bitmaps\J2 bitmaps\03-04-07.bmp --> www.questengine.com /Backup/J2 bitmaps 03-04-07.bmp
2004.10.23 18:26 B C:\Old PC\E drive\Glyphix\Puzzle bitmaps\J2 bitmaps\03-05-01.bmp --> www.questengine.com /Backup/J2 bitmaps 03-05-01.bmp
2004.10.23 18:26 B C:\Old PC\E drive\Glyphix\Puzzle bitmaps\J2 bitmaps\03-06-01.bmp --> www.questengine.com /Backup/J2 bitmaps 03-06-01.bmp
2004.10.23 18:26 B C:\Old PC\E drive\Glyphix\Puzzle bitmaps\J2 bitmaps\03-06-02.bmp --> www.questengine.com /Backup/J2 bitmaps 03-06-02.bmp
2004.10.23 18:26 B C:\Old PC\E drive\Glyphix\Puzzle bitmaps\J2 bitmaps\03-06-03.bmp --> www.questengine.com /Backup/J2 bitmaps 03-06-03.bmp
2004.10.23 18:26 B C:\Old PC\E drive\Glyphix\Puzzle bitmaps\J2 bitmaps\03-06-04.bmp --> www.questengine.com /Backup/J2 bitmaps 03-06-04.bmp
2004.10.23 18:26 B C:\Old PC\E drive\Glyphix\Puzzle bitmaps\J2 bitmaps\03-07-01.bmp --> www.questengine.com /Backup/J2 bitmaps 03-07-01.bmp
2004.10.23 18:26 B C:\Old PC\E drive\Glyphix\Puzzle bitmaps\J2 bitmaps\03-07-02.bmp --> www.questengine.com /Backup/J2 bitmaps 03-07-02.bmp
2004.10.23 18:26 B C:\Old PC\E drive\Glyphix\Puzzle bitmaps\J2 bitmaps\03-07-03.bmp --> www.questengine.com /Backup/J2 bitmaps 03-07-03.bmp
2004.10.23 18:26 B C:\Old PC\E drive\Glyphix\Puzzle bitmaps\J2 bitmaps\03-07-04.bmp --> www.questengine.com /Backup/J2 bitmaps 03-07-04.bmp
2004.10.23 18:26 B C:\Old PC\E drive\Glyphix\Puzzle bitmaps\J2 bitmaps\03-07-05.bmp --> www.questengine.com /Backup/J2 bitmaps 03-07-05.bmp
2004.10.23 18:27 B C:\Old PC\E drive\Glyphix\Puzzle bitmaps\J2 bitmaps\Thumbs.db --> www.questengine.com /Backup/J2 bitmaps Thumbs.db
2004.10.23 21:57 B C:\Old PC\E drive\Glyphix\Puzzle bitmaps\J2 puzzles\03-01-01.bmp --> www.questengine.com /Backup/J2 puzzles 03-01-01.bmp
2004.10.23 21:57 B C:\Old PC\E drive\Glyphix\Puzzle bitmaps\J2 puzzles\03-01-01.tbt --> www.questengine.com /Backup/J2 puzzles 03-01-01.tbt
2004.10.23 21:58 B C:\Old PC\E drive\Glyphix\Puzzle bitmaps\J2 puzzles\03-01-02.bmp --> www.questengine.com /Backup/J2 puzzles 03-01-02.bmp
2004.10.23 21:58 B C:\Old PC\E drive\Glyphix\Puzzle bitmaps\J2 puzzles\03-01-02.tbt --> www.questengine.com /Backup/J2 puzzles 03-01-02.tbt
2004.10.23 21:58 B C:\Old PC\E drive\Glyphix\Puzzle bitmaps\J2 puzzles\03-01-03.bmp --> www.questengine.com /Backup/J2 puzzles 03-01-03.bmp
2004.10.23 21:58 B C:\Old PC\E drive\Glyphix\Puzzle bitmaps\J2 puzzles\03-01-03.tbt --> www.questengine.com /Backup/J2 puzzles 03-01-03.tbt
2004.10.23 21:58 B C:\Old PC\E drive\Glyphix\Puzzle bitmaps\J2 puzzles\03-01-04.bmp --> www.questengine.com /Backup/J2 puzzles 03-01-04.bmp
2004.10.23 21:58 B C:\Old PC\E drive\Glyphix\Puzzle bitmaps\J2 puzzles\03-01-04.tbt --> www.questengine.com /Backup/J2 puzzles 03-01-04.tbt
2004.10.23 21:58 B C:\Old PC\E drive\Glyphix\Puzzle bitmaps\J2 puzzles\03-01-05.bmp --> www.questengine.com /Backup/J2 puzzles 03-01-05.bmp
2004.10.23 21:58 B C:\Old PC\E drive\Glyphix\Puzzle bitmaps\J2 puzzles\03-01-05.tbt --> www.questengine.com /Backup/J2 puzzles 03-01-05.tbt
2004.10.23 21:58 B C:\Old PC\E drive\Glyphix\Puzzle bitmaps\J2 puzzles\03-01-06.bmp --> www.questengine.com /Backup/J2 puzzles 03-01-06.bmp
2004.10.23 21:58 B C:\Old PC\E drive\Glyphix\Puzzle bitmaps\J2 puzzles\03-01-06.tbt --> www.questengine.com /Backup/J2 puzzles 03-01-06.tbt
2004.10.23 21:58 B C:\Old PC\E drive\Glyphix\Puzzle bitmaps\J2 puzzles\03-01-07.bmp --> www.questengine.com /Backup/J2 puzzles 03-01-07.bmp
2004.10.23 21:58 B C:\Old PC\E drive\Glyphix\Puzzle bitmaps\J2 puzzles\03-01-07.tbt --> www.questengine.com /Backup/J2 puzzles 03-01-07.tbt
2004.10.23 21:58 B C:\Old PC\E drive\Glyphix\Puzzle bitmaps\J2 puzzles\03-02-01.bmp --> www.questengine.com /Backup/J2 puzzles 03-02-01.bmp
2004.10.23 21:58 B C:\Old PC\E drive\Glyphix\Puzzle bitmaps\J2 puzzles\03-02-01.tbt --> www.questengine.com /Backup/J2 puzzles 03-02-01.tbt
2004.10.23 21:58 B C:\Old PC\E drive\Glyphix\Puzzle bitmaps\J2 puzzles\03-02-02.bmp --> www.questengine.com /Backup/J2 puzzles 03-02-02.bmp
2004.10.23 21:58 B C:\Old PC\E drive\Glyphix\Puzzle bitmaps\J2 puzzles\03-02-02.tbt --> www.questengine.com /Backup/J2 puzzles 03-02-02.tbt
2004.10.23 21:58 B C:\Old PC\E drive\Glyphix\Puzzle bitmaps\J2 puzzles\03-02-03.bmp --> www.questengine.com /Backup/J2 puzzles 03-02-03.bmp
2004.10.23 21:58 B C:\Old PC\E drive\Glyphix\Puzzle bitmaps\J2 puzzles\03-02-03.tbt --> www.questengine.com /Backup/J2 puzzles 03-02-03.tbt
2004.10.23 21:58 B C:\Old PC\E drive\Glyphix\Puzzle bitmaps\J2 puzzles\03-02-04.bmp --> www.questengine.com /Backup/J2 puzzles 03-02-04.bmp
2004.10.23 21:58 B C:\Old PC\E drive\Glyphix\Puzzle bitmaps\J2 puzzles\03-02-04.tbt --> www.questengine.com /Backup/J2 puzzles 03-02-04.tbt
2004.10.23 21:58 B C:\Old PC\E drive\Glyphix\Puzzle bitmaps\J2 puzzles\03-02-05.bmp --> www.questengine.com /Backup/J2 puzzles 03-02-05.bmp
2004.10.23 21:58 B C:\Old PC\E drive\Glyphix\Puzzle bitmaps\J2 puzzles\03-02-05.tbt --> www.questengine.com /Backup/J2 puzzles 03-02-05.tbt
2004.10.23 21:58 B C:\Old PC\E drive\Glyphix\Puzzle bitmaps\J2 puzzles\03-02-06.bmp --> www.questengine.com /Backup/J2 puzzles 03-02-06.bmp
2004.10.23 21:58 B C:\Old PC\E drive\Glyphix\Puzzle bitmaps\J2 puzzles\03-02-06.tbt --> www.questengine.com /Backup/J2 puzzles 03-02-06.tbt
2004.10.23 21:58 B C:\Old PC\E drive\Glyphix\Puzzle bitmaps\J2 puzzles\03-03-01.bmp --> www.questengine.com /Backup/J2 puzzles 03-03-01.bmp
2004.10.23 21:58 B C:\Old PC\E drive\Glyphix\Puzzle bitmaps\J2 puzzles\03-03-01.tbt --> www.questengine.com /Backup/J2 puzzles 03-03-01.tbt
2004.10.23 21:58 B C:\Old PC\E drive\Glyphix\Puzzle bitmaps\J2 puzzles\03-03-02.bmp --> www.questengine.com /Backup/J2 puzzles 03-03-02.bmp
2004.10.23 21:58 B C:\Old PC\E drive\Glyphix\Puzzle bitmaps\J2 puzzles\03-03-02.tbt --> www.questengine.com /Backup/J2 puzzles 03-03-02.tbt
2004.10.23 21:58 B C:\Old PC\E drive\Glyphix\Puzzle bitmaps\J2 puzzles\03-03-03.bmp --> www.questengine.com /Backup/J2 puzzles 03-03-03.bmp
2004.10.23 21:58 B C:\Old PC\E drive\Glyphix\Puzzle bitmaps\J2 puzzles\03-03-03.tbt --> www.questengine.com /Backup/J2 puzzles 03-03-03.tbt
2004.10.23 21:58 B C:\Old PC\E drive\Glyphix\Puzzle bitmaps\J2 puzzles\03-03-04.bmp --> www.questengine.com /Backup/J2 puzzles 03-03-04.bmp
2004.10.23 21:58 B C:\Old PC\E drive\Glyphix\Puzzle bitmaps\J2 puzzles\03-03-04.tbt --> www.questengine.com /Backup/J2 puzzles 03-03-04.tbt
2004.10.23 21:58 B C:\Old PC\E drive\Glyphix\Puzzle bitmaps\J2 puzzles\03-03-05.bmp --> www.questengine.com /Backup/J2 puzzles 03-03-05.bmp
2004.10.23 21:58 B C:\Old PC\E drive\Glyphix\Puzzle bitmaps\J2 puzzles\03-03-05.tbt --> www.questengine.com /Backup/J2 puzzles 03-03-05.tbt
2004.10.23 21:58 B C:\Old PC\E drive\Glyphix\Puzzle bitmaps\J2 puzzles\03-03-06.bmp --> www.questengine.com /Backup/J2 puzzles 03-03-06.bmp
2004.10.23 21:58 B C:\Old PC\E drive\Glyphix\Puzzle bitmaps\J2 puzzles\03-04-01.bmp --> www.questengine.com /Backup/J2 puzzles 03-04-01.bmp
2004.10.23 21:58 B C:\Old PC\E drive\Glyphix\Puzzle bitmaps\J2 puzzles\03-04-01.tbt --> www.questengine.com /Backup/J2 puzzles 03-04-01.tbt
2004.10.23 21:58 B C:\Old PC\E drive\Glyphix\Puzzle bitmaps\J2 puzzles\03-04-02.bmp --> www.questengine.com /Backup/J2 puzzles 03-04-02.bmp
2004.10.23 21:58 B C:\Old PC\E drive\Glyphix\Puzzle bitmaps\J2 puzzles\03-04-02.tbt --> www.questengine.com /Backup/J2 puzzles 03-04-02.tbt
2004.10.23 21:58 B C:\Old PC\E drive\Glyphix\Puzzle bitmaps\J2 puzzles\03-04-03.bmp --> www.questengine.com /Backup/J2 puzzles 03-04-03.bmp
2004.10.23 21:58 B C:\Old PC\E drive\Glyphix\Puzzle bitmaps\J2 puzzles\03-04-03.tbt --> www.questengine.com /Backup/J2 puzzles 03-04-03.tbt
2004.10.23 21:58 B C:\Old PC\E drive\Glyphix\Puzzle bitmaps\J2 puzzles\03-04-04.bmp --> www.questengine.com /Backup/J2 puzzles 03-04-04.bmp
2004.10.23 21:58 B C:\Old PC\E drive\Glyphix\Puzzle bitmaps\J2 puzzles\03-04-04.tbt --> www.questengine.com /Backup/J2 puzzles 03-04-04.tbt
2004.10.23 21:58 B C:\Old PC\E drive\Glyphix\Puzzle bitmaps\J2 puzzles\03-04-05.bmp --> www.questengine.com /Backup/J2 puzzles 03-04-05.bmp
2004.10.23 21:58 B C:\Old PC\E drive\Glyphix\Puzzle bitmaps\J2 puzzles\03-04-05.tbt --> www.questengine.com /Backup/J2 puzzles 03-04-05.tbt
2004.10.23 21:58 B C:\Old PC\E drive\Glyphix\Puzzle bitmaps\J2 puzzles\03-04-06.bmp --> www.questengine.com /Backup/J2 puzzles 03-04-06.bmp
2004.10.23 21:58 B C:\Old PC\E drive\Glyphix\Puzzle bitmaps\J2 puzzles\03-04-06.tbt --> www.questengine.com /Backup/J2 puzzles 03-04-06.tbt
2004.10.23 21:58 B C:\Old PC\E drive\Glyphix\Puzzle bitmaps\J2 puzzles\03-04-07.bmp --> www.questengine.com /Backup/J2 puzzles 03-04-07.bmp
2004.10.23 21:58 B C:\Old PC\E drive\Glyphix\Puzzle bitmaps\J2 puzzles\03-04-07.tbt --> www.questengine.com /Backup/J2 puzzles 03-04-07.tbt
2004.10.23 21:58 B C:\Old PC\E drive\Glyphix\Puzzle bitmaps\J2 puzzles\03-05-01.bmp --> www.questengine.com /Backup/J2 puzzles 03-05-01.bmp
2004.10.23 21:58 B C:\Old PC\E drive\Glyphix\Puzzle bitmaps\J2 puzzles\03-05-01.tbt --> www.questengine.com /Backup/J2 puzzles 03-05-01.tbt
2004.10.23 21:58 B C:\Old PC\E drive\Glyphix\Puzzle bitmaps\J2 puzzles\03-06-01.bmp --> www.questengine.com /Backup/J2 puzzles 03-06-01.bmp
2004.10.23 21:59 B C:\Old PC\E drive\Glyphix\Puzzle bitmaps\J2 puzzles\03-06-01.tbt --> www.questengine.com /Backup/J2 puzzles 03-06-01.tbt
2004.10.23 21:59 B C:\Old PC\E drive\Glyphix\Puzzle bitmaps\J2 puzzles\03-06-02.bmp --> www.questengine.com /Backup/J2 puzzles 03-06-02.bmp
2004.10.23 21:59 B C:\Old PC\E drive\Glyphix\Puzzle bitmaps\J2 puzzles\03-06-02.tbt --> www.questengine.com /Backup/J2 puzzles 03-06-02.tbt
2004.10.23 21:59 B C:\Old PC\E drive\Glyphix\Puzzle bitmaps\J2 puzzles\03-06-03.bmp --> www.questengine.com /Backup/J2 puzzles 03-06-03.bmp
2004.10.23 21:59 B C:\Old PC\E drive\Glyphix\Puzzle bitmaps\J2 puzzles\03-06-03.tbt --> www.questengine.com /Backup/J2 puzzles 03-06-03.tbt
2004.10.23 21:59 B C:\Old PC\E drive\Glyphix\Puzzle bitmaps\J2 puzzles\03-06-04.bmp --> www.questengine.com /Backup/J2 puzzles 03-06-04.bmp
2004.10.23 21:59 B C:\Old PC\E drive\Glyphix\Puzzle bitmaps\J2 puzzles\03-06-04.tbt --> www.questengine.com /Backup/J2 puzzles 03-06-04.tbt
2004.10.23 21:59 B C:\Old PC\E drive\Glyphix\Puzzle bitmaps\J2 puzzles\03-07-01.bmp --> www.questengine.com /Backup/J2 puzzles 03-07-01.bmp
2004.10.23 21:59 B C:\Old PC\E drive\Glyphix\Puzzle bitmaps\J2 puzzles\03-07-01.tbt --> www.questengine.com /Backup/J2 puzzles 03-07-01.tbt
2004.10.23 21:59 B C:\Old PC\E drive\Glyphix\Puzzle bitmaps\J2 puzzles\03-07-02.bmp --> www.questengine.com /Backup/J2 puzzles 03-07-02.bmp
2004.10.23 21:59 B C:\Old PC\E drive\Glyphix\Puzzle bitmaps\J2 puzzles\03-07-02.tbt --> www.questengine.com /Backup/J2 puzzles 03-07-02.tbt
2004.10.23 21:59 B C:\Old PC\E drive\Glyphix\Puzzle bitmaps\J2 puzzles\03-07-03.bmp --> www.questengine.com /Backup/J2 puzzles 03-07-03.bmp
2004.10.23 21:59 B C:\Old PC\E drive\Glyphix\Puzzle bitmaps\J2 puzzles\03-07-03.tbt --> www.questengine.com /Backup/J2 puzzles 03-07-03.tbt
2004.10.23 21:59 B C:\Old PC\E drive\Glyphix\Puzzle bitmaps\J2 puzzles\03-07-04.bmp --> www.questengine.com /Backup/J2 puzzles 03-07-04.bmp
2004.10.23 21:59 B C:\Old PC\E drive\Glyphix\Puzzle bitmaps\J2 puzzles\03-07-04.tbt --> www.questengine.com /Backup/J2 puzzles 03-07-04.tbt
2004.10.23 21:59 B C:\Old PC\E drive\Glyphix\Puzzle bitmaps\J2 puzzles\03-07-05.bmp --> www.questengine.com /Backup/J2 puzzles 03-07-05.bmp
2004.10.23 21:59 B C:\Old PC\E drive\Glyphix\Puzzle bitmaps\J2 puzzles\03-07-05.tbt --> www.questengine.com /Backup/J2 puzzles 03-07-05.tbt
2004.10.23 21:59 B C:\Old PC\E drive\Glyphix\Puzzle bitmaps\J2 puzzles\03-07-05c.bmp --> www.questengine.com /Backup/J2 puzzles 03-07-05c.bmp
2004.10.23 21:59 B C:\Old PC\E drive\Glyphix\Puzzle bitmaps\J2 puzzles\Thumbs.db --> www.questengine.com /Backup/J2 puzzles Thumbs.db
