2004.10.23 18:31 B C:\Old PC\E drive\Glyphix\Puzzle bitmaps\J5 bitmaps\06-01-01.bmp --> www.questengine.com /Backup/J5 bitmaps 06-01-01.bmp
2004.10.23 18:31 B C:\Old PC\E drive\Glyphix\Puzzle bitmaps\J5 bitmaps\06-01-02.bmp --> www.questengine.com /Backup/J5 bitmaps 06-01-02.bmp
2004.10.23 18:31 B C:\Old PC\E drive\Glyphix\Puzzle bitmaps\J5 bitmaps\06-01-03.bmp --> www.questengine.com /Backup/J5 bitmaps 06-01-03.bmp
2004.10.23 18:31 B C:\Old PC\E drive\Glyphix\Puzzle bitmaps\J5 bitmaps\06-01-04.bmp --> www.questengine.com /Backup/J5 bitmaps 06-01-04.bmp
2004.10.23 18:31 B C:\Old PC\E drive\Glyphix\Puzzle bitmaps\J5 bitmaps\06-01-05.bmp --> www.questengine.com /Backup/J5 bitmaps 06-01-05.bmp
2004.10.23 18:31 B C:\Old PC\E drive\Glyphix\Puzzle bitmaps\J5 bitmaps\06-02-01.bmp --> www.questengine.com /Backup/J5 bitmaps 06-02-01.bmp
2004.10.23 18:31 B C:\Old PC\E drive\Glyphix\Puzzle bitmaps\J5 bitmaps\06-02-02.bmp --> www.questengine.com /Backup/J5 bitmaps 06-02-02.bmp
2004.10.23 18:31 B C:\Old PC\E drive\Glyphix\Puzzle bitmaps\J5 bitmaps\06-02-03.bmp --> www.questengine.com /Backup/J5 bitmaps 06-02-03.bmp
2004.10.23 18:31 B C:\Old PC\E drive\Glyphix\Puzzle bitmaps\J5 bitmaps\06-02-04.bmp --> www.questengine.com /Backup/J5 bitmaps 06-02-04.bmp
2004.10.23 18:31 B C:\Old PC\E drive\Glyphix\Puzzle bitmaps\J5 bitmaps\06-02-05.bmp --> www.questengine.com /Backup/J5 bitmaps 06-02-05.bmp
2004.10.23 18:31 B C:\Old PC\E drive\Glyphix\Puzzle bitmaps\J5 bitmaps\06-03-01.bmp --> www.questengine.com /Backup/J5 bitmaps 06-03-01.bmp
2004.10.23 18:31 B C:\Old PC\E drive\Glyphix\Puzzle bitmaps\J5 bitmaps\06-04-01.bmp --> www.questengine.com /Backup/J5 bitmaps 06-04-01.bmp
2004.10.23 18:31 B C:\Old PC\E drive\Glyphix\Puzzle bitmaps\J5 bitmaps\06-04-02.bmp --> www.questengine.com /Backup/J5 bitmaps 06-04-02.bmp
2004.10.23 18:31 B C:\Old PC\E drive\Glyphix\Puzzle bitmaps\J5 bitmaps\06-04-03.bmp --> www.questengine.com /Backup/J5 bitmaps 06-04-03.bmp
2004.10.23 18:31 B C:\Old PC\E drive\Glyphix\Puzzle bitmaps\J5 bitmaps\06-04-04.bmp --> www.questengine.com /Backup/J5 bitmaps 06-04-04.bmp
2004.10.23 18:31 B C:\Old PC\E drive\Glyphix\Puzzle bitmaps\J5 bitmaps\06-05-01.bmp --> www.questengine.com /Backup/J5 bitmaps 06-05-01.bmp
2004.10.23 18:31 B C:\Old PC\E drive\Glyphix\Puzzle bitmaps\J5 bitmaps\06-06-01.bmp --> www.questengine.com /Backup/J5 bitmaps 06-06-01.bmp
2004.10.23 18:31 B C:\Old PC\E drive\Glyphix\Puzzle bitmaps\J5 bitmaps\06-06-02.bmp --> www.questengine.com /Backup/J5 bitmaps 06-06-02.bmp
2004.10.23 18:31 B C:\Old PC\E drive\Glyphix\Puzzle bitmaps\J5 bitmaps\06-06-03.bmp --> www.questengine.com /Backup/J5 bitmaps 06-06-03.bmp
2004.10.23 18:32 B C:\Old PC\E drive\Glyphix\Puzzle bitmaps\J5 bitmaps\06-06-04.bmp --> www.questengine.com /Backup/J5 bitmaps 06-06-04.bmp
2004.10.23 18:32 B C:\Old PC\E drive\Glyphix\Puzzle bitmaps\J5 bitmaps\06-06-05.bmp --> www.questengine.com /Backup/J5 bitmaps 06-06-05.bmp
2004.10.23 18:32 B C:\Old PC\E drive\Glyphix\Puzzle bitmaps\J5 bitmaps\06-07-01.bmp --> www.questengine.com /Backup/J5 bitmaps 06-07-01.bmp
2004.10.23 18:32 B C:\Old PC\E drive\Glyphix\Puzzle bitmaps\J5 bitmaps\06-08-01.bmp --> www.questengine.com /Backup/J5 bitmaps 06-08-01.bmp
2004.10.23 18:32 B C:\Old PC\E drive\Glyphix\Puzzle bitmaps\J5 bitmaps\06-08-02.bmp --> www.questengine.com /Backup/J5 bitmaps 06-08-02.bmp
2004.10.23 18:32 B C:\Old PC\E drive\Glyphix\Puzzle bitmaps\J5 bitmaps\06-08-03.bmp --> www.questengine.com /Backup/J5 bitmaps 06-08-03.bmp
2004.10.23 18:32 B C:\Old PC\E drive\Glyphix\Puzzle bitmaps\J5 bitmaps\06-08-04.bmp --> www.questengine.com /Backup/J5 bitmaps 06-08-04.bmp
2004.10.23 18:32 B C:\Old PC\E drive\Glyphix\Puzzle bitmaps\J5 bitmaps\06-09-01.bmp --> www.questengine.com /Backup/J5 bitmaps 06-09-01.bmp
2004.10.23 18:33 B C:\Old PC\E drive\Glyphix\Puzzle bitmaps\J5 bitmaps\Thumbs.db --> www.questengine.com /Backup/J5 bitmaps Thumbs.db
2004.10.23 22:03 B C:\Old PC\E drive\Glyphix\Puzzle bitmaps\J5 puzzles\06-01-01.bmp --> www.questengine.com /Backup/J5 puzzles 06-01-01.bmp
2004.10.23 22:03 B C:\Old PC\E drive\Glyphix\Puzzle bitmaps\J5 puzzles\06-01-01.tbt --> www.questengine.com /Backup/J5 puzzles 06-01-01.tbt
2004.10.23 22:03 B C:\Old PC\E drive\Glyphix\Puzzle bitmaps\J5 puzzles\06-01-02.bmp --> www.questengine.com /Backup/J5 puzzles 06-01-02.bmp
2004.10.23 22:03 B C:\Old PC\E drive\Glyphix\Puzzle bitmaps\J5 puzzles\06-01-02.tbt --> www.questengine.com /Backup/J5 puzzles 06-01-02.tbt
2004.10.23 22:03 B C:\Old PC\E drive\Glyphix\Puzzle bitmaps\J5 puzzles\06-01-03.bmp --> www.questengine.com /Backup/J5 puzzles 06-01-03.bmp
2004.10.23 22:03 B C:\Old PC\E drive\Glyphix\Puzzle bitmaps\J5 puzzles\06-01-03.tbt --> www.questengine.com /Backup/J5 puzzles 06-01-03.tbt
2004.10.23 22:03 B C:\Old PC\E drive\Glyphix\Puzzle bitmaps\J5 puzzles\06-01-04.bmp --> www.questengine.com /Backup/J5 puzzles 06-01-04.bmp
2004.10.23 22:04 B C:\Old PC\E drive\Glyphix\Puzzle bitmaps\J5 puzzles\06-01-04.tbt --> www.questengine.com /Backup/J5 puzzles 06-01-04.tbt
2004.10.23 22:04 B C:\Old PC\E drive\Glyphix\Puzzle bitmaps\J5 puzzles\06-01-05.bmp --> www.questengine.com /Backup/J5 puzzles 06-01-05.bmp
2004.10.23 22:04 B C:\Old PC\E drive\Glyphix\Puzzle bitmaps\J5 puzzles\06-01-05.tbt --> www.questengine.com /Backup/J5 puzzles 06-01-05.tbt
2004.10.23 22:04 B C:\Old PC\E drive\Glyphix\Puzzle bitmaps\J5 puzzles\06-02-01.bmp --> www.questengine.com /Backup/J5 puzzles 06-02-01.bmp
2004.10.23 22:04 B C:\Old PC\E drive\Glyphix\Puzzle bitmaps\J5 puzzles\06-02-01.tbt --> www.questengine.com /Backup/J5 puzzles 06-02-01.tbt
2004.10.23 22:04 B C:\Old PC\E drive\Glyphix\Puzzle bitmaps\J5 puzzles\06-02-02.bmp --> www.questengine.com /Backup/J5 puzzles 06-02-02.bmp
2004.10.23 22:04 B C:\Old PC\E drive\Glyphix\Puzzle bitmaps\J5 puzzles\06-02-02.tbt --> www.questengine.com /Backup/J5 puzzles 06-02-02.tbt
2004.10.23 22:04 B C:\Old PC\E drive\Glyphix\Puzzle bitmaps\J5 puzzles\06-02-03.bmp --> www.questengine.com /Backup/J5 puzzles 06-02-03.bmp
2004.10.23 22:04 B C:\Old PC\E drive\Glyphix\Puzzle bitmaps\J5 puzzles\06-02-03.tbt --> www.questengine.com /Backup/J5 puzzles 06-02-03.tbt
2004.10.23 22:04 B C:\Old PC\E drive\Glyphix\Puzzle bitmaps\J5 puzzles\06-02-04.bmp --> www.questengine.com /Backup/J5 puzzles 06-02-04.bmp
2004.10.23 22:04 B C:\Old PC\E drive\Glyphix\Puzzle bitmaps\J5 puzzles\06-02-04.tbt --> www.questengine.com /Backup/J5 puzzles 06-02-04.tbt
2004.10.23 22:04 B C:\Old PC\E drive\Glyphix\Puzzle bitmaps\J5 puzzles\06-02-05.bmp --> www.questengine.com /Backup/J5 puzzles 06-02-05.bmp
2004.10.23 22:04 B C:\Old PC\E drive\Glyphix\Puzzle bitmaps\J5 puzzles\06-02-05.tbt --> www.questengine.com /Backup/J5 puzzles 06-02-05.tbt
2004.10.23 22:04 B C:\Old PC\E drive\Glyphix\Puzzle bitmaps\J5 puzzles\06-03-01.bmp --> www.questengine.com /Backup/J5 puzzles 06-03-01.bmp
2004.10.23 22:04 B C:\Old PC\E drive\Glyphix\Puzzle bitmaps\J5 puzzles\06-03-01.tbt --> www.questengine.com /Backup/J5 puzzles 06-03-01.tbt
2004.10.23 22:04 B C:\Old PC\E drive\Glyphix\Puzzle bitmaps\J5 puzzles\06-04-01.bmp --> www.questengine.com /Backup/J5 puzzles 06-04-01.bmp
2004.10.23 22:04 B C:\Old PC\E drive\Glyphix\Puzzle bitmaps\J5 puzzles\06-04-01.tbt --> www.questengine.com /Backup/J5 puzzles 06-04-01.tbt
2004.10.23 22:04 B C:\Old PC\E drive\Glyphix\Puzzle bitmaps\J5 puzzles\06-04-02.bmp --> www.questengine.com /Backup/J5 puzzles 06-04-02.bmp
2004.10.23 22:04 B C:\Old PC\E drive\Glyphix\Puzzle bitmaps\J5 puzzles\06-04-02.tbt --> www.questengine.com /Backup/J5 puzzles 06-04-02.tbt
2004.10.23 22:04 B C:\Old PC\E drive\Glyphix\Puzzle bitmaps\J5 puzzles\06-04-03.bmp --> www.questengine.com /Backup/J5 puzzles 06-04-03.bmp
2004.10.23 22:04 B C:\Old PC\E drive\Glyphix\Puzzle bitmaps\J5 puzzles\06-04-03.tbt --> www.questengine.com /Backup/J5 puzzles 06-04-03.tbt
2004.10.23 22:04 B C:\Old PC\E drive\Glyphix\Puzzle bitmaps\J5 puzzles\06-04-04.bmp --> www.questengine.com /Backup/J5 puzzles 06-04-04.bmp
2004.10.23 22:04 B C:\Old PC\E drive\Glyphix\Puzzle bitmaps\J5 puzzles\06-04-04.tbt --> www.questengine.com /Backup/J5 puzzles 06-04-04.tbt
2004.10.23 22:04 B C:\Old PC\E drive\Glyphix\Puzzle bitmaps\J5 puzzles\06-05-01.bmp --> www.questengine.com /Backup/J5 puzzles 06-05-01.bmp
2004.10.23 22:04 B C:\Old PC\E drive\Glyphix\Puzzle bitmaps\J5 puzzles\06-05-01.tbt --> www.questengine.com /Backup/J5 puzzles 06-05-01.tbt
2004.10.23 22:04 B C:\Old PC\E drive\Glyphix\Puzzle bitmaps\J5 puzzles\06-06-01.bmp --> www.questengine.com /Backup/J5 puzzles 06-06-01.bmp
2004.10.23 22:04 B C:\Old PC\E drive\Glyphix\Puzzle bitmaps\J5 puzzles\06-06-01.tbt --> www.questengine.com /Backup/J5 puzzles 06-06-01.tbt
2004.10.23 22:04 B C:\Old PC\E drive\Glyphix\Puzzle bitmaps\J5 puzzles\06-06-02.bmp --> www.questengine.com /Backup/J5 puzzles 06-06-02.bmp
2004.10.23 22:04 B C:\Old PC\E drive\Glyphix\Puzzle bitmaps\J5 puzzles\06-06-02.tbt --> www.questengine.com /Backup/J5 puzzles 06-06-02.tbt
2004.10.23 22:04 B C:\Old PC\E drive\Glyphix\Puzzle bitmaps\J5 puzzles\06-06-03.bmp --> www.questengine.com /Backup/J5 puzzles 06-06-03.bmp
2004.10.23 22:04 B C:\Old PC\E drive\Glyphix\Puzzle bitmaps\J5 puzzles\06-06-03.tbt --> www.questengine.com /Backup/J5 puzzles 06-06-03.tbt
2004.10.23 22:04 B C:\Old PC\E drive\Glyphix\Puzzle bitmaps\J5 puzzles\06-06-04.bmp --> www.questengine.com /Backup/J5 puzzles 06-06-04.bmp
2004.10.23 22:04 B C:\Old PC\E drive\Glyphix\Puzzle bitmaps\J5 puzzles\06-06-04.tbt --> www.questengine.com /Backup/J5 puzzles 06-06-04.tbt
2004.10.23 22:04 B C:\Old PC\E drive\Glyphix\Puzzle bitmaps\J5 puzzles\06-06-05.bmp --> www.questengine.com /Backup/J5 puzzles 06-06-05.bmp
2004.10.23 22:04 B C:\Old PC\E drive\Glyphix\Puzzle bitmaps\J5 puzzles\06-06-05.tbt --> www.questengine.com /Backup/J5 puzzles 06-06-05.tbt
2004.10.23 22:04 B C:\Old PC\E drive\Glyphix\Puzzle bitmaps\J5 puzzles\06-07-01.bmp --> www.questengine.com /Backup/J5 puzzles 06-07-01.bmp
2004.10.23 22:04 B C:\Old PC\E drive\Glyphix\Puzzle bitmaps\J5 puzzles\06-07-01.tbt --> www.questengine.com /Backup/J5 puzzles 06-07-01.tbt
2004.10.23 22:04 B C:\Old PC\E drive\Glyphix\Puzzle bitmaps\J5 puzzles\06-08-01.bmp --> www.questengine.com /Backup/J5 puzzles 06-08-01.bmp
2004.10.23 22:04 B C:\Old PC\E drive\Glyphix\Puzzle bitmaps\J5 puzzles\06-08-01.tbt --> www.questengine.com /Backup/J5 puzzles 06-08-01.tbt
2004.10.23 22:04 B C:\Old PC\E drive\Glyphix\Puzzle bitmaps\J5 puzzles\06-08-02.bmp --> www.questengine.com /Backup/J5 puzzles 06-08-02.bmp
2004.10.23 22:04 B C:\Old PC\E drive\Glyphix\Puzzle bitmaps\J5 puzzles\06-08-02.tbt --> www.questengine.com /Backup/J5 puzzles 06-08-02.tbt
2004.10.23 22:04 B C:\Old PC\E drive\Glyphix\Puzzle bitmaps\J5 puzzles\06-08-03.bmp --> www.questengine.com /Backup/J5 puzzles 06-08-03.bmp
2004.10.23 22:04 B C:\Old PC\E drive\Glyphix\Puzzle bitmaps\J5 puzzles\06-08-03.tbt --> www.questengine.com /Backup/J5 puzzles 06-08-03.tbt
2004.10.23 22:04 B C:\Old PC\E drive\Glyphix\Puzzle bitmaps\J5 puzzles\06-08-04.bmp --> www.questengine.com /Backup/J5 puzzles 06-08-04.bmp
2004.10.23 22:04 B C:\Old PC\E drive\Glyphix\Puzzle bitmaps\J5 puzzles\06-08-04.tbt --> www.questengine.com /Backup/J5 puzzles 06-08-04.tbt
2004.10.23 22:04 B C:\Old PC\E drive\Glyphix\Puzzle bitmaps\J5 puzzles\06-09-01.bmp --> www.questengine.com /Backup/J5 puzzles 06-09-01.bmp
2004.10.23 22:04 B C:\Old PC\E drive\Glyphix\Puzzle bitmaps\J5 puzzles\06-09-01.tbt --> www.questengine.com /Backup/J5 puzzles 06-09-01.tbt
2004.10.23 22:04 B C:\Old PC\E drive\Glyphix\Puzzle bitmaps\J5 puzzles\06-09-01c.bmp --> www.questengine.com /Backup/J5 puzzles 06-09-01c.bmp
2004.10.23 22:05 B C:\Old PC\E drive\Glyphix\Puzzle bitmaps\J5 puzzles\Thumbs.db --> www.questengine.com /Backup/J5 puzzles Thumbs.db
