2004.10.23 18:23 B C:\Old PC\E drive\Glyphix\Puzzle bitmaps\J0 bitmaps\01-01-00.bmp --> www.questengine.com /Backup/J0 bitmaps 01-01-00.bmp
2004.10.23 18:23 B C:\Old PC\E drive\Glyphix\Puzzle bitmaps\J0 bitmaps\01-01-01.bmp --> www.questengine.com /Backup/J0 bitmaps 01-01-01.bmp
2004.10.23 18:23 B C:\Old PC\E drive\Glyphix\Puzzle bitmaps\J0 bitmaps\01-01-02.bmp --> www.questengine.com /Backup/J0 bitmaps 01-01-02.bmp
2004.10.23 18:23 B C:\Old PC\E drive\Glyphix\Puzzle bitmaps\J0 bitmaps\01-01-03.bmp --> www.questengine.com /Backup/J0 bitmaps 01-01-03.bmp
2004.10.23 18:23 B C:\Old PC\E drive\Glyphix\Puzzle bitmaps\J0 bitmaps\01-01-04.bmp --> www.questengine.com /Backup/J0 bitmaps 01-01-04.bmp
2004.10.23 18:23 B C:\Old PC\E drive\Glyphix\Puzzle bitmaps\J0 bitmaps\01-01-05.bmp --> www.questengine.com /Backup/J0 bitmaps 01-01-05.bmp
2004.10.23 18:23 B C:\Old PC\E drive\Glyphix\Puzzle bitmaps\J0 bitmaps\01-01-06.bmp --> www.questengine.com /Backup/J0 bitmaps 01-01-06.bmp
2004.10.23 18:23 B C:\Old PC\E drive\Glyphix\Puzzle bitmaps\J0 bitmaps\01-01-07.bmp --> www.questengine.com /Backup/J0 bitmaps 01-01-07.bmp
2004.10.23 18:23 B C:\Old PC\E drive\Glyphix\Puzzle bitmaps\J0 bitmaps\01-01-08.bmp --> www.questengine.com /Backup/J0 bitmaps 01-01-08.bmp
2004.10.23 18:23 B C:\Old PC\E drive\Glyphix\Puzzle bitmaps\J0 bitmaps\01-01-09.bmp --> www.questengine.com /Backup/J0 bitmaps 01-01-09.bmp
2004.10.23 18:23 B C:\Old PC\E drive\Glyphix\Puzzle bitmaps\J0 bitmaps\01-01-10.bmp --> www.questengine.com /Backup/J0 bitmaps 01-01-10.bmp
2004.10.23 18:23 B C:\Old PC\E drive\Glyphix\Puzzle bitmaps\J0 bitmaps\01-02-01.bmp --> www.questengine.com /Backup/J0 bitmaps 01-02-01.bmp
2004.10.23 18:24 B C:\Old PC\E drive\Glyphix\Puzzle bitmaps\J0 bitmaps\Thumbs.db --> www.questengine.com /Backup/J0 bitmaps Thumbs.db
2004.10.23 21:55 B C:\Old PC\E drive\Glyphix\Puzzle bitmaps\J0 puzzles\01-01-00.bmp --> www.questengine.com /Backup/J0 puzzles 01-01-00.bmp
2004.10.23 21:55 B C:\Old PC\E drive\Glyphix\Puzzle bitmaps\J0 puzzles\01-01-01.bmp --> www.questengine.com /Backup/J0 puzzles 01-01-01.bmp
2004.10.23 21:55 B C:\Old PC\E drive\Glyphix\Puzzle bitmaps\J0 puzzles\01-01-01.tbt --> www.questengine.com /Backup/J0 puzzles 01-01-01.tbt
2004.10.23 21:55 B C:\Old PC\E drive\Glyphix\Puzzle bitmaps\J0 puzzles\01-01-02.bmp --> www.questengine.com /Backup/J0 puzzles 01-01-02.bmp
2004.10.23 21:55 B C:\Old PC\E drive\Glyphix\Puzzle bitmaps\J0 puzzles\01-01-02.tbt --> www.questengine.com /Backup/J0 puzzles 01-01-02.tbt
2004.10.23 21:55 B C:\Old PC\E drive\Glyphix\Puzzle bitmaps\J0 puzzles\01-01-03.bmp --> www.questengine.com /Backup/J0 puzzles 01-01-03.bmp
2004.10.23 21:55 B C:\Old PC\E drive\Glyphix\Puzzle bitmaps\J0 puzzles\01-01-03.tbt --> www.questengine.com /Backup/J0 puzzles 01-01-03.tbt
2004.10.23 21:55 B C:\Old PC\E drive\Glyphix\Puzzle bitmaps\J0 puzzles\01-01-04.bmp --> www.questengine.com /Backup/J0 puzzles 01-01-04.bmp
2004.10.23 21:55 B C:\Old PC\E drive\Glyphix\Puzzle bitmaps\J0 puzzles\01-01-04.tbt --> www.questengine.com /Backup/J0 puzzles 01-01-04.tbt
2004.10.23 21:55 B C:\Old PC\E drive\Glyphix\Puzzle bitmaps\J0 puzzles\01-01-05.bmp --> www.questengine.com /Backup/J0 puzzles 01-01-05.bmp
2004.10.23 21:55 B C:\Old PC\E drive\Glyphix\Puzzle bitmaps\J0 puzzles\01-01-05.tbt --> www.questengine.com /Backup/J0 puzzles 01-01-05.tbt
2004.10.23 21:55 B C:\Old PC\E drive\Glyphix\Puzzle bitmaps\J0 puzzles\01-01-06.bmp --> www.questengine.com /Backup/J0 puzzles 01-01-06.bmp
2004.10.23 21:55 B C:\Old PC\E drive\Glyphix\Puzzle bitmaps\J0 puzzles\01-01-06.tbt --> www.questengine.com /Backup/J0 puzzles 01-01-06.tbt
2004.10.23 21:55 B C:\Old PC\E drive\Glyphix\Puzzle bitmaps\J0 puzzles\01-01-07.bmp --> www.questengine.com /Backup/J0 puzzles 01-01-07.bmp
2004.10.23 21:55 B C:\Old PC\E drive\Glyphix\Puzzle bitmaps\J0 puzzles\01-01-07.tbt --> www.questengine.com /Backup/J0 puzzles 01-01-07.tbt
2004.10.23 21:55 B C:\Old PC\E drive\Glyphix\Puzzle bitmaps\J0 puzzles\01-01-08.bmp --> www.questengine.com /Backup/J0 puzzles 01-01-08.bmp
2004.10.23 21:55 B C:\Old PC\E drive\Glyphix\Puzzle bitmaps\J0 puzzles\01-01-08.tbt --> www.questengine.com /Backup/J0 puzzles 01-01-08.tbt
2004.10.23 21:55 B C:\Old PC\E drive\Glyphix\Puzzle bitmaps\J0 puzzles\01-01-09.bmp --> www.questengine.com /Backup/J0 puzzles 01-01-09.bmp
2004.10.23 21:55 B C:\Old PC\E drive\Glyphix\Puzzle bitmaps\J0 puzzles\01-01-09.tbt --> www.questengine.com /Backup/J0 puzzles 01-01-09.tbt
2004.10.23 21:55 B C:\Old PC\E drive\Glyphix\Puzzle bitmaps\J0 puzzles\01-01-10.bmp --> www.questengine.com /Backup/J0 puzzles 01-01-10.bmp
2004.10.23 21:55 B C:\Old PC\E drive\Glyphix\Puzzle bitmaps\J0 puzzles\01-01-10.tbt --> www.questengine.com /Backup/J0 puzzles 01-01-10.tbt
2004.10.23 21:55 B C:\Old PC\E drive\Glyphix\Puzzle bitmaps\J0 puzzles\01-02-01.bmp --> www.questengine.com /Backup/J0 puzzles 01-02-01.bmp
2004.10.23 21:55 B C:\Old PC\E drive\Glyphix\Puzzle bitmaps\J0 puzzles\01-02-01.tbt --> www.questengine.com /Backup/J0 puzzles 01-02-01.tbt
2004.10.23 21:56 B C:\Old PC\E drive\Glyphix\Puzzle bitmaps\J0 puzzles\Thumbs.db --> www.questengine.com /Backup/J0 puzzles Thumbs.db
