2004.10.23 18:27 B C:\Old PC\E drive\Glyphix\Puzzle bitmaps\J3 bitmaps\04-01-01.bmp --> www.questengine.com /Backup/J3 bitmaps 04-01-01.bmp
2004.10.23 18:27 B C:\Old PC\E drive\Glyphix\Puzzle bitmaps\J3 bitmaps\04-01-02.bmp --> www.questengine.com /Backup/J3 bitmaps 04-01-02.bmp
2004.10.23 18:27 B C:\Old PC\E drive\Glyphix\Puzzle bitmaps\J3 bitmaps\04-01-03.bmp --> www.questengine.com /Backup/J3 bitmaps 04-01-03.bmp
2004.10.23 18:27 B C:\Old PC\E drive\Glyphix\Puzzle bitmaps\J3 bitmaps\04-01-04.bmp --> www.questengine.com /Backup/J3 bitmaps 04-01-04.bmp
2004.10.23 18:27 B C:\Old PC\E drive\Glyphix\Puzzle bitmaps\J3 bitmaps\04-01-05.bmp --> www.questengine.com /Backup/J3 bitmaps 04-01-05.bmp
2004.10.23 18:27 B C:\Old PC\E drive\Glyphix\Puzzle bitmaps\J3 bitmaps\04-01-06.bmp --> www.questengine.com /Backup/J3 bitmaps 04-01-06.bmp
2004.10.23 18:27 B C:\Old PC\E drive\Glyphix\Puzzle bitmaps\J3 bitmaps\04-01-07.bmp --> www.questengine.com /Backup/J3 bitmaps 04-01-07.bmp
2004.10.23 18:27 B C:\Old PC\E drive\Glyphix\Puzzle bitmaps\J3 bitmaps\04-02-01.bmp --> www.questengine.com /Backup/J3 bitmaps 04-02-01.bmp
2004.10.23 18:27 B C:\Old PC\E drive\Glyphix\Puzzle bitmaps\J3 bitmaps\04-02-02.bmp --> www.questengine.com /Backup/J3 bitmaps 04-02-02.bmp
2004.10.23 18:27 B C:\Old PC\E drive\Glyphix\Puzzle bitmaps\J3 bitmaps\04-02-03.bmp --> www.questengine.com /Backup/J3 bitmaps 04-02-03.bmp
2004.10.23 18:27 B C:\Old PC\E drive\Glyphix\Puzzle bitmaps\J3 bitmaps\04-02-04.bmp --> www.questengine.com /Backup/J3 bitmaps 04-02-04.bmp
2004.10.23 18:27 B C:\Old PC\E drive\Glyphix\Puzzle bitmaps\J3 bitmaps\04-02-05.bmp --> www.questengine.com /Backup/J3 bitmaps 04-02-05.bmp
2004.10.23 18:27 B C:\Old PC\E drive\Glyphix\Puzzle bitmaps\J3 bitmaps\04-02-06.bmp --> www.questengine.com /Backup/J3 bitmaps 04-02-06.bmp
2004.10.23 18:27 B C:\Old PC\E drive\Glyphix\Puzzle bitmaps\J3 bitmaps\04-03-01.bmp --> www.questengine.com /Backup/J3 bitmaps 04-03-01.bmp
2004.10.23 18:27 B C:\Old PC\E drive\Glyphix\Puzzle bitmaps\J3 bitmaps\04-03-02.bmp --> www.questengine.com /Backup/J3 bitmaps 04-03-02.bmp
2004.10.23 18:27 B C:\Old PC\E drive\Glyphix\Puzzle bitmaps\J3 bitmaps\04-03-03.bmp --> www.questengine.com /Backup/J3 bitmaps 04-03-03.bmp
2004.10.23 18:27 B C:\Old PC\E drive\Glyphix\Puzzle bitmaps\J3 bitmaps\04-03-04.bmp --> www.questengine.com /Backup/J3 bitmaps 04-03-04.bmp
2004.10.23 18:27 B C:\Old PC\E drive\Glyphix\Puzzle bitmaps\J3 bitmaps\04-03-05.bmp --> www.questengine.com /Backup/J3 bitmaps 04-03-05.bmp
2004.10.23 18:27 B C:\Old PC\E drive\Glyphix\Puzzle bitmaps\J3 bitmaps\04-04-01.bmp --> www.questengine.com /Backup/J3 bitmaps 04-04-01.bmp
2004.10.23 18:27 B C:\Old PC\E drive\Glyphix\Puzzle bitmaps\J3 bitmaps\04-04-02.bmp --> www.questengine.com /Backup/J3 bitmaps 04-04-02.bmp
2004.10.23 18:27 B C:\Old PC\E drive\Glyphix\Puzzle bitmaps\J3 bitmaps\04-04-03.bmp --> www.questengine.com /Backup/J3 bitmaps 04-04-03.bmp
2004.10.23 18:27 B C:\Old PC\E drive\Glyphix\Puzzle bitmaps\J3 bitmaps\04-04-04.bmp --> www.questengine.com /Backup/J3 bitmaps 04-04-04.bmp
2004.10.23 18:27 B C:\Old PC\E drive\Glyphix\Puzzle bitmaps\J3 bitmaps\04-05-01.bmp --> www.questengine.com /Backup/J3 bitmaps 04-05-01.bmp
2004.10.23 18:27 B C:\Old PC\E drive\Glyphix\Puzzle bitmaps\J3 bitmaps\04-05-02.bmp --> www.questengine.com /Backup/J3 bitmaps 04-05-02.bmp
2004.10.23 18:27 B C:\Old PC\E drive\Glyphix\Puzzle bitmaps\J3 bitmaps\04-05-03.bmp --> www.questengine.com /Backup/J3 bitmaps 04-05-03.bmp
2004.10.23 18:27 B C:\Old PC\E drive\Glyphix\Puzzle bitmaps\J3 bitmaps\04-05-04.bmp --> www.questengine.com /Backup/J3 bitmaps 04-05-04.bmp
2004.10.23 18:28 B C:\Old PC\E drive\Glyphix\Puzzle bitmaps\J3 bitmaps\04-05-05.bmp --> www.questengine.com /Backup/J3 bitmaps 04-05-05.bmp
2004.10.23 18:28 B C:\Old PC\E drive\Glyphix\Puzzle bitmaps\J3 bitmaps\Thumbs.db --> www.questengine.com /Backup/J3 bitmaps Thumbs.db
2004.10.23 21:59 B C:\Old PC\E drive\Glyphix\Puzzle bitmaps\J3 puzzles\04-01-01.bmp --> www.questengine.com /Backup/J3 puzzles 04-01-01.bmp
2004.10.23 22:00 B C:\Old PC\E drive\Glyphix\Puzzle bitmaps\J3 puzzles\04-01-01.tbt --> www.questengine.com /Backup/J3 puzzles 04-01-01.tbt
2004.10.23 22:00 B C:\Old PC\E drive\Glyphix\Puzzle bitmaps\J3 puzzles\04-01-02.bmp --> www.questengine.com /Backup/J3 puzzles 04-01-02.bmp
2004.10.23 22:00 B C:\Old PC\E drive\Glyphix\Puzzle bitmaps\J3 puzzles\04-01-02.tbt --> www.questengine.com /Backup/J3 puzzles 04-01-02.tbt
2004.10.23 22:00 B C:\Old PC\E drive\Glyphix\Puzzle bitmaps\J3 puzzles\04-01-03.bmp --> www.questengine.com /Backup/J3 puzzles 04-01-03.bmp
2004.10.23 22:00 B C:\Old PC\E drive\Glyphix\Puzzle bitmaps\J3 puzzles\04-01-03.tbt --> www.questengine.com /Backup/J3 puzzles 04-01-03.tbt
2004.10.23 22:00 B C:\Old PC\E drive\Glyphix\Puzzle bitmaps\J3 puzzles\04-01-04.bmp --> www.questengine.com /Backup/J3 puzzles 04-01-04.bmp
2004.10.23 22:00 B C:\Old PC\E drive\Glyphix\Puzzle bitmaps\J3 puzzles\04-01-04.tbt --> www.questengine.com /Backup/J3 puzzles 04-01-04.tbt
2004.10.23 22:00 B C:\Old PC\E drive\Glyphix\Puzzle bitmaps\J3 puzzles\04-01-05.bmp --> www.questengine.com /Backup/J3 puzzles 04-01-05.bmp
2004.10.23 22:00 B C:\Old PC\E drive\Glyphix\Puzzle bitmaps\J3 puzzles\04-01-05.tbt --> www.questengine.com /Backup/J3 puzzles 04-01-05.tbt
2004.10.23 22:00 B C:\Old PC\E drive\Glyphix\Puzzle bitmaps\J3 puzzles\04-01-06.bmp --> www.questengine.com /Backup/J3 puzzles 04-01-06.bmp
2004.10.23 22:00 B C:\Old PC\E drive\Glyphix\Puzzle bitmaps\J3 puzzles\04-01-06.tbt --> www.questengine.com /Backup/J3 puzzles 04-01-06.tbt
2004.10.23 22:00 B C:\Old PC\E drive\Glyphix\Puzzle bitmaps\J3 puzzles\04-01-07.bmp --> www.questengine.com /Backup/J3 puzzles 04-01-07.bmp
2004.10.23 22:00 B C:\Old PC\E drive\Glyphix\Puzzle bitmaps\J3 puzzles\04-01-07.tbt --> www.questengine.com /Backup/J3 puzzles 04-01-07.tbt
2004.10.23 22:00 B C:\Old PC\E drive\Glyphix\Puzzle bitmaps\J3 puzzles\04-02-01.bmp --> www.questengine.com /Backup/J3 puzzles 04-02-01.bmp
2004.10.23 22:00 B C:\Old PC\E drive\Glyphix\Puzzle bitmaps\J3 puzzles\04-02-01.tbt --> www.questengine.com /Backup/J3 puzzles 04-02-01.tbt
2004.10.23 22:00 B C:\Old PC\E drive\Glyphix\Puzzle bitmaps\J3 puzzles\04-02-02.bmp --> www.questengine.com /Backup/J3 puzzles 04-02-02.bmp
2004.10.23 22:00 B C:\Old PC\E drive\Glyphix\Puzzle bitmaps\J3 puzzles\04-02-02.tbt --> www.questengine.com /Backup/J3 puzzles 04-02-02.tbt
2004.10.23 22:00 B C:\Old PC\E drive\Glyphix\Puzzle bitmaps\J3 puzzles\04-02-03.bmp --> www.questengine.com /Backup/J3 puzzles 04-02-03.bmp
2004.10.23 22:00 B C:\Old PC\E drive\Glyphix\Puzzle bitmaps\J3 puzzles\04-02-03.tbt --> www.questengine.com /Backup/J3 puzzles 04-02-03.tbt
2004.10.23 22:00 B C:\Old PC\E drive\Glyphix\Puzzle bitmaps\J3 puzzles\04-02-04.bmp --> www.questengine.com /Backup/J3 puzzles 04-02-04.bmp
2004.10.23 22:00 B C:\Old PC\E drive\Glyphix\Puzzle bitmaps\J3 puzzles\04-02-04.tbt --> www.questengine.com /Backup/J3 puzzles 04-02-04.tbt
2004.10.23 22:00 B C:\Old PC\E drive\Glyphix\Puzzle bitmaps\J3 puzzles\04-02-05.bmp --> www.questengine.com /Backup/J3 puzzles 04-02-05.bmp
2004.10.23 22:00 B C:\Old PC\E drive\Glyphix\Puzzle bitmaps\J3 puzzles\04-02-05.tbt --> www.questengine.com /Backup/J3 puzzles 04-02-05.tbt
2004.10.23 22:00 B C:\Old PC\E drive\Glyphix\Puzzle bitmaps\J3 puzzles\04-02-06.bmp --> www.questengine.com /Backup/J3 puzzles 04-02-06.bmp
2004.10.23 22:00 B C:\Old PC\E drive\Glyphix\Puzzle bitmaps\J3 puzzles\04-02-06.tbt --> www.questengine.com /Backup/J3 puzzles 04-02-06.tbt
2004.10.23 22:00 B C:\Old PC\E drive\Glyphix\Puzzle bitmaps\J3 puzzles\04-03-01.bmp --> www.questengine.com /Backup/J3 puzzles 04-03-01.bmp
2004.10.23 22:00 B C:\Old PC\E drive\Glyphix\Puzzle bitmaps\J3 puzzles\04-03-01.tbt --> www.questengine.com /Backup/J3 puzzles 04-03-01.tbt
2004.10.23 22:00 B C:\Old PC\E drive\Glyphix\Puzzle bitmaps\J3 puzzles\04-03-02.bmp --> www.questengine.com /Backup/J3 puzzles 04-03-02.bmp
2004.10.23 22:00 B C:\Old PC\E drive\Glyphix\Puzzle bitmaps\J3 puzzles\04-03-02.tbt --> www.questengine.com /Backup/J3 puzzles 04-03-02.tbt
2004.10.23 22:00 B C:\Old PC\E drive\Glyphix\Puzzle bitmaps\J3 puzzles\04-03-03.bmp --> www.questengine.com /Backup/J3 puzzles 04-03-03.bmp
2004.10.23 22:00 B C:\Old PC\E drive\Glyphix\Puzzle bitmaps\J3 puzzles\04-03-03.tbt --> www.questengine.com /Backup/J3 puzzles 04-03-03.tbt
2004.10.23 22:00 B C:\Old PC\E drive\Glyphix\Puzzle bitmaps\J3 puzzles\04-03-04.bmp --> www.questengine.com /Backup/J3 puzzles 04-03-04.bmp
2004.10.23 22:00 B C:\Old PC\E drive\Glyphix\Puzzle bitmaps\J3 puzzles\04-03-04.tbt --> www.questengine.com /Backup/J3 puzzles 04-03-04.tbt
2004.10.23 22:00 B C:\Old PC\E drive\Glyphix\Puzzle bitmaps\J3 puzzles\04-03-05.bmp --> www.questengine.com /Backup/J3 puzzles 04-03-05.bmp
2004.10.23 22:00 B C:\Old PC\E drive\Glyphix\Puzzle bitmaps\J3 puzzles\04-03-05.tbt --> www.questengine.com /Backup/J3 puzzles 04-03-05.tbt
2004.10.23 22:00 B C:\Old PC\E drive\Glyphix\Puzzle bitmaps\J3 puzzles\04-04-01.bmp --> www.questengine.com /Backup/J3 puzzles 04-04-01.bmp
2004.10.23 22:00 B C:\Old PC\E drive\Glyphix\Puzzle bitmaps\J3 puzzles\04-04-01.tbt --> www.questengine.com /Backup/J3 puzzles 04-04-01.tbt
2004.10.23 22:00 B C:\Old PC\E drive\Glyphix\Puzzle bitmaps\J3 puzzles\04-04-02.bmp --> www.questengine.com /Backup/J3 puzzles 04-04-02.bmp
2004.10.23 22:00 B C:\Old PC\E drive\Glyphix\Puzzle bitmaps\J3 puzzles\04-04-02.tbt --> www.questengine.com /Backup/J3 puzzles 04-04-02.tbt
2004.10.23 22:00 B C:\Old PC\E drive\Glyphix\Puzzle bitmaps\J3 puzzles\04-04-03.bmp --> www.questengine.com /Backup/J3 puzzles 04-04-03.bmp
2004.10.23 22:00 B C:\Old PC\E drive\Glyphix\Puzzle bitmaps\J3 puzzles\04-04-03.tbt --> www.questengine.com /Backup/J3 puzzles 04-04-03.tbt
2004.10.23 22:00 B C:\Old PC\E drive\Glyphix\Puzzle bitmaps\J3 puzzles\04-04-04.bmp --> www.questengine.com /Backup/J3 puzzles 04-04-04.bmp
2004.10.23 22:00 B C:\Old PC\E drive\Glyphix\Puzzle bitmaps\J3 puzzles\04-04-04.tbt --> www.questengine.com /Backup/J3 puzzles 04-04-04.tbt
2004.10.23 22:00 B C:\Old PC\E drive\Glyphix\Puzzle bitmaps\J3 puzzles\04-05-01.bmp --> www.questengine.com /Backup/J3 puzzles 04-05-01.bmp
2004.10.23 22:00 B C:\Old PC\E drive\Glyphix\Puzzle bitmaps\J3 puzzles\04-05-01.tbt --> www.questengine.com /Backup/J3 puzzles 04-05-01.tbt
2004.10.23 22:00 B C:\Old PC\E drive\Glyphix\Puzzle bitmaps\J3 puzzles\04-05-02.bmp --> www.questengine.com /Backup/J3 puzzles 04-05-02.bmp
2004.10.23 22:00 B C:\Old PC\E drive\Glyphix\Puzzle bitmaps\J3 puzzles\04-05-02.tbt --> www.questengine.com /Backup/J3 puzzles 04-05-02.tbt
2004.10.23 22:00 B C:\Old PC\E drive\Glyphix\Puzzle bitmaps\J3 puzzles\04-05-03.bmp --> www.questengine.com /Backup/J3 puzzles 04-05-03.bmp
2004.10.23 22:00 B C:\Old PC\E drive\Glyphix\Puzzle bitmaps\J3 puzzles\04-05-03.tbt --> www.questengine.com /Backup/J3 puzzles 04-05-03.tbt
2004.10.23 22:00 B C:\Old PC\E drive\Glyphix\Puzzle bitmaps\J3 puzzles\04-05-04.bmp --> www.questengine.com /Backup/J3 puzzles 04-05-04.bmp
2004.10.23 22:01 B C:\Old PC\E drive\Glyphix\Puzzle bitmaps\J3 puzzles\04-05-04.tbt --> www.questengine.com /Backup/J3 puzzles 04-05-04.tbt
2004.10.23 22:01 B C:\Old PC\E drive\Glyphix\Puzzle bitmaps\J3 puzzles\04-05-05.bmp --> www.questengine.com /Backup/J3 puzzles 04-05-05.bmp
2004.10.23 22:01 B C:\Old PC\E drive\Glyphix\Puzzle bitmaps\J3 puzzles\04-05-05.tbt --> www.questengine.com /Backup/J3 puzzles 04-05-05.tbt
2004.10.23 22:01 B C:\Old PC\E drive\Glyphix\Puzzle bitmaps\J3 puzzles\04-05-05c.bmp --> www.questengine.com /Backup/J3 puzzles 04-05-05c.bmp
2004.10.23 22:01 B C:\Old PC\E drive\Glyphix\Puzzle bitmaps\J3 puzzles\Thumbs.db --> www.questengine.com /Backup/J3 puzzles Thumbs.db
